This is pdfTeX, Version 3.141592653-2.6-1.40.24 (TeX Live 2022/Debian) (preloaded format=pdflatex 2025.3.5)  27 JUL 2025 07:20
entering extended mode
 restricted \write18 enabled.
 %&-line parsing enabled.
**flexgui.tex
(./flexgui.tex
LaTeX2e <2022-11-01> patch level 1
L3 programming layer <2023-01-16> (./sphinxmanual.cls
Document Class: sphinxmanual 2019/12/01 v2.3.0 Document class (Sphinx manual)
(/usr/share/texlive/texmf-dist/tex/latex/base/report.cls
Document Class: report 2022/07/02 v1.4n Standard LaTeX document class
(/usr/share/texlive/texmf-dist/tex/latex/base/size10.clo
File: size10.clo 2022/07/02 v1.4n Standard LaTeX file (size option)
)
\c@part=\count185
\c@chapter=\count186
\c@section=\count187
\c@subsection=\count188
\c@subsubsection=\count189
\c@paragraph=\count190
\c@subparagraph=\count191
\c@figure=\count192
\c@table=\count193
\abovecaptionskip=\skip48
\belowcaptionskip=\skip49
\bibindent=\dimen140
)
LaTeX Info: Redefining \and on input line 35.
)
(/usr/share/texlive/texmf-dist/tex/latex/base/inputenc.sty
Package: inputenc 2021/02/14 v1.3d Input encoding file
\inpenc@prehook=\toks16
\inpenc@posthook=\toks17
)
   defining Unicode char U+00A0 (decimal 160)
   defining Unicode char U+2500 (decimal 9472)
   defining Unicode char U+2502 (decimal 9474)
   defining Unicode char U+2514 (decimal 9492)
   defining Unicode char U+251C (decimal 9500)
   defining Unicode char U+2572 (decimal 9586)

(/usr/share/texlive/texmf-dist/tex/latex/cmap/cmap.sty
Package: cmap 2021/02/06 v1.0j CMap support: searchable PDF
)
(/usr/share/texlive/texmf-dist/tex/latex/base/fontenc.sty
Package: fontenc 2021/04/29 v2.0v Standard LaTeX package
<<t1.cmap>>)
(/usr/share/texlive/texmf-dist/tex/latex/amsmath/amsmath.sty
Package: amsmath 2022/04/08 v2.17n AMS math features
\@mathmargin=\skip50

For additional information on amsmath, use the `?' option.
(/usr/share/texlive/texmf-dist/tex/latex/amsmath/amstext.sty
Package: amstext 2021/08/26 v2.01 AMS text

(/usr/share/texlive/texmf-dist/tex/latex/amsmath/amsgen.sty
File: amsgen.sty 1999/11/30 v2.0 generic functions
\@emptytoks=\toks18
\ex@=\dimen141
))
(/usr/share/texlive/texmf-dist/tex/latex/amsmath/amsbsy.sty
Package: amsbsy 1999/11/29 v1.2d Bold Symbols
\pmbraise@=\dimen142
)
(/usr/share/texlive/texmf-dist/tex/latex/amsmath/amsopn.sty
Package: amsopn 2022/04/08 v2.04 operator names
)
\inf@bad=\count194
LaTeX Info: Redefining \frac on input line 234.
\uproot@=\count195
\leftroot@=\count196
LaTeX Info: Redefining \overline on input line 399.
LaTeX Info: Redefining \colon on input line 410.
\classnum@=\count197
\DOTSCASE@=\count198
LaTeX Info: Redefining \ldots on input line 496.
LaTeX Info: Redefining \dots on input line 499.
LaTeX Info: Redefining \cdots on input line 620.
\Mathstrutbox@=\box51
\strutbox@=\box52
LaTeX Info: Redefining \big on input line 722.
LaTeX Info: Redefining \Big on input line 723.
LaTeX Info: Redefining \bigg on input line 724.
LaTeX Info: Redefining \Bigg on input line 725.
\big@size=\dimen143
LaTeX Font Info:    Redeclaring font encoding OML on input line 743.
LaTeX Font Info:    Redeclaring font encoding OMS on input line 744.
\macc@depth=\count199
LaTeX Info: Redefining \bmod on input line 905.
LaTeX Info: Redefining \pmod on input line 910.
LaTeX Info: Redefining \smash on input line 940.
LaTeX Info: Redefining \relbar on input line 970.
LaTeX Info: Redefining \Relbar on input line 971.
\c@MaxMatrixCols=\count266
\dotsspace@=\muskip16
\c@parentequation=\count267
\dspbrk@lvl=\count268
\tag@help=\toks19
\row@=\count269
\column@=\count270
\maxfields@=\count271
\andhelp@=\toks20
\eqnshift@=\dimen144
\alignsep@=\dimen145
\tagshift@=\dimen146
\tagwidth@=\dimen147
\totwidth@=\dimen148
\lineht@=\dimen149
\@envbody=\toks21
\multlinegap=\skip51
\multlinetaggap=\skip52
\mathdisplay@stack=\toks22
LaTeX Info: Redefining \[ on input line 2953.
LaTeX Info: Redefining \] on input line 2954.
)
(/usr/share/texlive/texmf-dist/tex/latex/amsfonts/amssymb.sty
Package: amssymb 2013/01/14 v3.01 AMS font symbols

(/usr/share/texlive/texmf-dist/tex/latex/amsfonts/amsfonts.sty
Package: amsfonts 2013/01/14 v3.01 Basic AMSFonts support
\symAMSa=\mathgroup4
\symAMSb=\mathgroup5
LaTeX Font Info:    Redeclaring math symbol \hbar on input line 98.
LaTeX Font Info:    Overwriting math alphabet `\mathfrak' in version `bold'
(Font)                  U/euf/m/n --> U/euf/b/n on input line 106.
))
(/usr/share/texlive/texmf-dist/tex/generic/babel/babel.sty
Package: babel 2022/12/26 3.84 The Babel package
\babel@savecnt=\count272
\U@D=\dimen150
\l@unhyphenated=\language3

(/usr/share/texlive/texmf-dist/tex/generic/babel/txtbabel.def)
\bbl@readstream=\read2
\bbl@dirlevel=\count273

(/usr/share/texlive/texmf-dist/tex/generic/babel-english/english.ldf
Language: english 2017/06/06 v3.3r English support from the babel system
Package babel Info: Hyphen rules for 'british' set to \l@english
(babel)             (\language0). Reported on input line 82.
Package babel Info: Hyphen rules for 'UKenglish' set to \l@english
(babel)             (\language0). Reported on input line 83.
Package babel Info: Hyphen rules for 'canadian' set to \l@english
(babel)             (\language0). Reported on input line 102.
Package babel Info: Hyphen rules for 'australian' set to \l@english
(babel)             (\language0). Reported on input line 105.
Package babel Info: Hyphen rules for 'newzealand' set to \l@english
(babel)             (\language0). Reported on input line 108.
))
(/usr/share/texlive/texmf-dist/tex/generic/babel/locale/en/babel-english.tex
Package babel Info: Importing font and identification data for english
(babel)             from babel-en.ini. Reported on input line 11.
)
(/usr/share/texmf/tex/latex/tex-gyre/tgtermes.sty
Package: tgtermes 2009/09/27 v1.2 TeX Gyre Termes as default roman family

(/usr/share/texlive/texmf-dist/tex/latex/kvoptions/kvoptions.sty
Package: kvoptions 2022-06-15 v3.15 Key value format for package options (HO)

(/usr/share/texlive/texmf-dist/tex/latex/graphics/keyval.sty
Package: keyval 2022/05/29 v1.15 key=value parser (DPC)
\KV@toks@=\toks23
)
(/usr/share/texlive/texmf-dist/tex/generic/ltxcmds/ltxcmds.sty
Package: ltxcmds 2020-05-10 v1.25 LaTeX kernel commands for general use (HO)
)
(/usr/share/texlive/texmf-dist/tex/latex/kvsetkeys/kvsetkeys.sty
Package: kvsetkeys 2022-10-05 v1.19 Key value parser (HO)
)))
(/usr/share/texmf/tex/latex/tex-gyre/tgheros.sty
Package: tgheros 2009/09/27 v1.2 TeX Gyre Heros as default sans serif family
)
(/usr/share/texlive/texmf-dist/tex/latex/fncychap/fncychap.sty
Package: fncychap 2007/07/30 v1.34 LaTeX package (Revised chapters)
\RW=\skip53
\mylen=\skip54
\myhi=\skip55
\px=\skip56
\py=\skip57
\pyy=\skip58
\pxx=\skip59
\c@AlphaCnt=\count274
\c@AlphaDecCnt=\count275
) (./sphinx.sty
Package: sphinx 2022/08/15 v5.3.0 LaTeX package (Sphinx markup)

(/usr/share/texlive/texmf-dist/tex/latex/xcolor/xcolor.sty
Package: xcolor 2022/06/12 v2.14 LaTeX color extensions (UK)

(/usr/share/texlive/texmf-dist/tex/latex/graphics-cfg/color.cfg
File: color.cfg 2016/01/02 v1.6 sample color configuration
)
Package xcolor Info: Driver file: pdftex.def on input line 227.

(/usr/share/texlive/texmf-dist/tex/latex/graphics-def/pdftex.def
File: pdftex.def 2022/09/22 v1.2b Graphics/color driver for pdftex
)
(/usr/share/texlive/texmf-dist/tex/latex/graphics/mathcolor.ltx)
Package xcolor Info: Model `cmy' substituted by `cmy0' on input line 1353.
Package xcolor Info: Model `hsb' substituted by `rgb' on input line 1357.
Package xcolor Info: Model `RGB' extended on input line 1369.
Package xcolor Info: Model `HTML' substituted by `rgb' on input line 1371.
Package xcolor Info: Model `Hsb' substituted by `hsb' on input line 1372.
Package xcolor Info: Model `tHsb' substituted by `hsb' on input line 1373.
Package xcolor Info: Model `HSB' substituted by `hsb' on input line 1374.
Package xcolor Info: Model `Gray' substituted by `gray' on input line 1375.
Package xcolor Info: Model `wave' substituted by `hsb' on input line 1376.
)
\sphinxverbatimsep=\dimen151
\sphinxverbatimborder=\dimen152
\sphinxshadowsep=\dimen153
\sphinxshadowsize=\dimen154
\sphinxshadowrule=\dimen155
\spx@notice@border=\dimen156

(./sphinxoptionshyperref.sty
File: sphinxoptionshyperref.sty 2021/01/27 hyperref
) (./sphinxoptionsgeometry.sty
File: sphinxoptionsgeometry.sty 2021/01/27 geometry
)
(/usr/share/texlive/texmf-dist/tex/latex/base/textcomp.sty
Package: textcomp 2020/02/02 v2.0n Standard LaTeX package
)
(/usr/share/texlive/texmf-dist/tex/latex/float/float.sty
Package: float 2001/11/08 v1.3d Float enhancements (AL)
\c@float@type=\count276
\float@exts=\toks24
\float@box=\box53
\@float@everytoks=\toks25
\@floatcapt=\box54
)
(/usr/share/texlive/texmf-dist/tex/latex/wrapfig/wrapfig.sty
\wrapoverhang=\dimen157
\WF@size=\dimen158
\c@WF@wrappedlines=\count277
\WF@box=\box55
\WF@everypar=\toks26
Package: wrapfig 2003/01/31  v 3.6
)
(/usr/share/texlive/texmf-dist/tex/latex/capt-of/capt-of.sty
Package: capt-of 2009/12/29 v0.2 standard captions outside of floats
)
(/usr/share/texlive/texmf-dist/tex/latex/tools/multicol.sty
Package: multicol 2021/11/30 v1.9d multicolumn formatting (FMi)
\c@tracingmulticols=\count278
\mult@box=\box56
\multicol@leftmargin=\dimen159
\c@unbalance=\count279
\c@collectmore=\count280
\doublecol@number=\count281
\multicoltolerance=\count282
\multicolpretolerance=\count283
\full@width=\dimen160
\page@free=\dimen161
\premulticols=\dimen162
\postmulticols=\dimen163
\multicolsep=\skip60
\multicolbaselineskip=\skip61
\partial@page=\box57
\last@line=\box58
\maxbalancingoverflow=\dimen164
\mult@rightbox=\box59
\mult@grightbox=\box60
\mult@firstbox=\box61
\mult@gfirstbox=\box62
\@tempa=\box63
\@tempa=\box64
\@tempa=\box65
\@tempa=\box66
\@tempa=\box67
\@tempa=\box68
\@tempa=\box69
\@tempa=\box70
\@tempa=\box71
\@tempa=\box72
\@tempa=\box73
\@tempa=\box74
\@tempa=\box75
\@tempa=\box76
\@tempa=\box77
\@tempa=\box78
\@tempa=\box79
\@tempa=\box80
\@tempa=\box81
\@tempa=\box82
\@tempa=\box83
\@tempa=\box84
\@tempa=\box85
\@tempa=\box86
\@tempa=\box87
\@tempa=\box88
\@tempa=\box89
\@tempa=\box90
\@tempa=\box91
\@tempa=\box92
\@tempa=\box93
\@tempa=\box94
\@tempa=\box95
\@tempa=\box96
\@tempa=\box97
\@tempa=\box98
\c@minrows=\count284
\c@columnbadness=\count285
\c@finalcolumnbadness=\count286
\last@try=\dimen165
\multicolovershoot=\dimen166
\multicolundershoot=\dimen167
\mult@nat@firstbox=\box99
\colbreak@box=\box100
\mc@col@check@num=\count287
)
(/usr/share/texlive/texmf-dist/tex/latex/graphics/graphicx.sty
Package: graphicx 2021/09/16 v1.2d Enhanced LaTeX Graphics (DPC,SPQR)

(/usr/share/texlive/texmf-dist/tex/latex/graphics/graphics.sty
Package: graphics 2022/03/10 v1.4e Standard LaTeX Graphics (DPC,SPQR)

(/usr/share/texlive/texmf-dist/tex/latex/graphics/trig.sty
Package: trig 2021/08/11 v1.11 sin cos tan (DPC)
)
(/usr/share/texlive/texmf-dist/tex/latex/graphics-cfg/graphics.cfg
File: graphics.cfg 2016/06/04 v1.11 sample graphics configuration
)
Package graphics Info: Driver file: pdftex.def on input line 107.
)
\Gin@req@height=\dimen168
\Gin@req@width=\dimen169
)
(./sphinxlatexgraphics.sty
File: sphinxlatexgraphics.sty 2021/01/27 graphics
\spx@image@maxheight=\dimen170
\spx@image@box=\box101
) (./sphinxpackageboxes.sty
Package: sphinxpackageboxes 2022/07/04 v5.1.0 advanced colored boxes
\spx@tempboxa=\box102
\spx@tempboxb=\box103
\spx@boxes@border=\dimen171
\spx@boxes@border@top=\dimen172
\spx@boxes@border@right=\dimen173
\spx@boxes@border@bottom=\dimen174
\spx@boxes@border@left=\dimen175
\spx@boxes@padding@top=\dimen176
\spx@boxes@padding@right=\dimen177
\spx@boxes@padding@bottom=\dimen178
\spx@boxes@padding@left=\dimen179
\spx@boxes@shadow@xoffset=\dimen180
\spx@boxes@shadow@yoffset=\dimen181
\spx@boxes@radius@topleft=\dimen182
\spx@boxes@radius@topright=\dimen183
\spx@boxes@radius@bottomright=\dimen184
\spx@boxes@radius@bottomleft=\dimen185
)
(./sphinxlatexadmonitions.sty
File: sphinxlatexadmonitions.sty 2022/07/03 admonitions

(/usr/share/texlive/texmf-dist/tex/latex/framed/framed.sty
Package: framed 2011/10/22 v 0.96: framed or shaded text with page breaks
\OuterFrameSep=\skip62
\fb@frw=\dimen186
\fb@frh=\dimen187
\FrameRule=\dimen188
\FrameSep=\dimen189
))
(./sphinxlatexliterals.sty
File: sphinxlatexliterals.sty 2022/07/29 code-blocks and parsed literals

(/usr/share/texlive/texmf-dist/tex/latex/fancyvrb/fancyvrb.sty
Package: fancyvrb 2023/01/19 4.5a verbatim text (tvz,hv)
\FV@CodeLineNo=\count288
\FV@InFile=\read3
\FV@TabBox=\box104
\c@FancyVerbLine=\count289
\FV@StepNumber=\count290
\FV@OutFile=\write3
)
(/usr/share/texlive/texmf-dist/tex/latex/base/alltt.sty
Package: alltt 2021/01/29 v2.0g defines alltt environment
)
(/usr/share/texlive/texmf-dist/tex/latex/upquote/upquote.sty
Package: upquote 2012/04/19 v1.3 upright-quote and grave-accent glyphs in verba
tim
)
(/usr/share/texlive/texmf-dist/tex/latex/needspace/needspace.sty
Package: needspace 2010/09/12 v1.3d reserve vertical space
)
\sphinxcontinuationbox=\box105
\sphinxvisiblespacebox=\box106
\sphinxVerbatim@TitleBox=\box107
\sphinxVerbatim@ContentsBox=\box108
)
(./sphinxlatexshadowbox.sty
File: sphinxlatexshadowbox.sty 2022/07/03 sphinxShadowBox
) (./sphinxlatexcontainers.sty
File: sphinxlatexcontainers.sty 2021/05/03 containers
)
(./sphinxhighlight.sty
Package: sphinxhighlight 2022/06/30 stylesheet for highlighting with pygments
) (./sphinxlatextables.sty
File: sphinxlatextables.sty 2022/08/15 tables

(/usr/share/texlive/texmf-dist/tex/latex/tabulary/tabulary.sty
Package: tabulary 2014/06/11 v0.10 tabulary package (DPC)

(/usr/share/texlive/texmf-dist/tex/latex/tools/array.sty
Package: array 2022/09/04 v2.5g Tabular extension package (FMi)
\col@sep=\dimen190
\ar@mcellbox=\box109
\extrarowheight=\dimen191
\NC@list=\toks27
\extratabsurround=\skip63
\backup@length=\skip64
\ar@cellbox=\box110
)
\TY@count=\count291
\TY@linewidth=\dimen192
\tymin=\dimen193
\tymax=\dimen194
\TY@tablewidth=\dimen195
)
(/usr/share/texlive/texmf-dist/tex/latex/tools/longtable.sty
Package: longtable 2021-09-01 v4.17 Multi-page Table package (DPC)
\LTleft=\skip65
\LTright=\skip66
\LTpre=\skip67
\LTpost=\skip68
\LTchunksize=\count292
\LTcapwidth=\dimen196
\LT@head=\box111
\LT@firsthead=\box112
\LT@foot=\box113
\LT@lastfoot=\box114
\LT@gbox=\box115
\LT@cols=\count293
\LT@rows=\count294
\c@LT@tables=\count295
\c@LT@chunks=\count296
\LT@p@ftn=\toks28
)
(/usr/share/texlive/texmf-dist/tex/latex/varwidth/varwidth.sty
Package: varwidth 2009/03/30 ver 0.92;  Variable-width minipages
\@vwid@box=\box116
\sift@deathcycles=\count297
\@vwid@loff=\dimen197
\@vwid@roff=\dimen198
)
\sphinx@TY@tablewidth=\dimen199

(/usr/share/texlive/texmf-dist/tex/latex/colortbl/colortbl.sty
Package: colortbl 2022/06/20 v1.0f Color table columns (DPC)
\everycr=\toks29
\minrowclearance=\skip69
\rownum=\count298
))
(./sphinxlatexnumfig.sty
File: sphinxlatexnumfig.sty 2021/01/27 numbering
) (./sphinxlatexlists.sty
File: sphinxlatexlists.sty 2021/12/20 lists
\spx@lineitemlabel=\toks30
)
\c@sphinxscope=\count299
 (./sphinxpackagefootnote.sty
Package: sphinxpackagefootnote 2022/08/15 v5.3.0 Sphinx custom footnotehyper pa
ckage (Sphinx team)
\FNH@notes=\box117
\FNH@toks=\toks31
\FNH@width=\dimen256
\c@sphinxfootnotemark=\count300
) (./sphinxlatexindbibtoc.sty
File: sphinxlatexindbibtoc.sty 2021/01/27 index, bib., toc

(/usr/share/texlive/texmf-dist/tex/latex/base/makeidx.sty
Package: makeidx 2021/10/04 v1.0m Standard LaTeX package
))
(./sphinxlatexstylepage.sty
File: sphinxlatexstylepage.sty 2021/01/27 page styling

(/usr/share/texlive/texmf-dist/tex/latex/parskip/parskip.sty
Rollback for package 'parskip' requested -> version 'v1'.
         This corresponds to the release introduced on 2001-04-09.

(/usr/share/texlive/texmf-dist/tex/latex/parskip/parskip-2001-04-09.sty
Package: parskip 2001/04/09 non-zero parskip adjustments
))
(/usr/share/texlive/texmf-dist/tex/latex/fancyhdr/fancyhdr.sty
Package: fancyhdr 2022/11/09 v4.1 Extensive control of page headers and footers

\f@nch@headwidth=\skip70
\f@nch@O@elh=\skip71
\f@nch@O@erh=\skip72
\f@nch@O@olh=\skip73
\f@nch@O@orh=\skip74
\f@nch@O@elf=\skip75
\f@nch@O@erf=\skip76
\f@nch@O@olf=\skip77
\f@nch@O@orf=\skip78
))
(./sphinxlatexstyleheadings.sty
File: sphinxlatexstyleheadings.sty 2022/08/15 headings

(/usr/share/texlive/texmf-dist/tex/latex/titlesec/titlesec.sty
Package: titlesec 2021/07/05 v2.14 Sectioning titles
\ttl@box=\box118
\beforetitleunit=\skip79
\aftertitleunit=\skip80
\ttl@plus=\dimen257
\ttl@minus=\dimen258
\ttl@toksa=\toks32
\titlewidth=\dimen259
\titlewidthlast=\dimen260
\titlewidthfirst=\dimen261
))
(./sphinxlatexstyletext.sty
File: sphinxlatexstyletext.sty 2022/07/02 text styling
) (./sphinxlatexobjects.sty
File: sphinxlatexobjects.sty 2022/01/13 documentation environments
\sphinxsignaturesep=\skip81
\py@argswidth=\skip82
\lineblockindentation=\skip83
\DUlineblockindent=\skip84
))
(/usr/share/texlive/texmf-dist/tex/latex/geometry/geometry.sty
Package: geometry 2020/01/02 v5.9 Page Geometry

(/usr/share/texlive/texmf-dist/tex/generic/iftex/ifvtex.sty
Package: ifvtex 2019/10/25 v1.7 ifvtex legacy package. Use iftex instead.

(/usr/share/texlive/texmf-dist/tex/generic/iftex/iftex.sty
Package: iftex 2022/02/03 v1.0f TeX engine tests
))
\Gm@cnth=\count301
\Gm@cntv=\count302
\c@Gm@tempcnt=\count303
\Gm@bindingoffset=\dimen262
\Gm@wd@mp=\dimen263
\Gm@odd@mp=\dimen264
\Gm@even@mp=\dimen265
\Gm@layoutwidth=\dimen266
\Gm@layoutheight=\dimen267
\Gm@layouthoffset=\dimen268
\Gm@layoutvoffset=\dimen269
\Gm@dimlist=\toks33
)
(/usr/share/texlive/texmf-dist/tex/latex/hyperref/hyperref.sty
Package: hyperref 2022-11-13 v7.00u Hypertext links for LaTeX

(/usr/share/texlive/texmf-dist/tex/generic/pdftexcmds/pdftexcmds.sty
Package: pdftexcmds 2020-06-27 v0.33 Utility functions of pdfTeX for LuaTeX (HO
)

(/usr/share/texlive/texmf-dist/tex/generic/infwarerr/infwarerr.sty
Package: infwarerr 2019/12/03 v1.5 Providing info/warning/error messages (HO)
)
Package pdftexcmds Info: \pdf@primitive is available.
Package pdftexcmds Info: \pdf@ifprimitive is available.
Package pdftexcmds Info: \pdfdraftmode found.
)
(/usr/share/texlive/texmf-dist/tex/generic/kvdefinekeys/kvdefinekeys.sty
Package: kvdefinekeys 2019-12-19 v1.6 Define keys (HO)
)
(/usr/share/texlive/texmf-dist/tex/generic/pdfescape/pdfescape.sty
Package: pdfescape 2019/12/09 v1.15 Implements pdfTeX's escape features (HO)
)
(/usr/share/texlive/texmf-dist/tex/latex/hycolor/hycolor.sty
Package: hycolor 2020-01-27 v1.10 Color options for hyperref/bookmark (HO)
)
(/usr/share/texlive/texmf-dist/tex/latex/letltxmacro/letltxmacro.sty
Package: letltxmacro 2019/12/03 v1.6 Let assignment for LaTeX macros (HO)
)
(/usr/share/texlive/texmf-dist/tex/latex/auxhook/auxhook.sty
Package: auxhook 2019-12-17 v1.6 Hooks for auxiliary files (HO)
)
(/usr/share/texlive/texmf-dist/tex/latex/hyperref/nameref.sty
Package: nameref 2022-05-17 v2.50 Cross-referencing by name of section

(/usr/share/texlive/texmf-dist/tex/latex/refcount/refcount.sty
Package: refcount 2019/12/15 v3.6 Data extraction from label references (HO)
)
(/usr/share/texlive/texmf-dist/tex/generic/gettitlestring/gettitlestring.sty
Package: gettitlestring 2019/12/15 v1.6 Cleanup title references (HO)
)
\c@section@level=\count304
)
\@linkdim=\dimen270
\Hy@linkcounter=\count305
\Hy@pagecounter=\count306

(/usr/share/texlive/texmf-dist/tex/latex/hyperref/pd1enc.def
File: pd1enc.def 2022-11-13 v7.00u Hyperref: PDFDocEncoding definition (HO)
Now handling font encoding PD1 ...
... no UTF-8 mapping file for font encoding PD1
)
(/usr/share/texlive/texmf-dist/tex/generic/intcalc/intcalc.sty
Package: intcalc 2019/12/15 v1.3 Expandable calculations with integers (HO)
)
(/usr/share/texlive/texmf-dist/tex/generic/etexcmds/etexcmds.sty
Package: etexcmds 2019/12/15 v1.7 Avoid name clashes with e-TeX commands (HO)
)
\Hy@SavedSpaceFactor=\count307

(/usr/share/texlive/texmf-dist/tex/latex/hyperref/puenc.def
File: puenc.def 2022-11-13 v7.00u Hyperref: PDF Unicode definition (HO)
Now handling font encoding PU ...
... no UTF-8 mapping file for font encoding PU
)
Package hyperref Info: Option `unicode' set `true' on input line 4045.
Package hyperref Info: Option `colorlinks' set `true' on input line 4045.
Package hyperref Info: Option `breaklinks' set `true' on input line 4045.
Package hyperref Info: Hyper figures OFF on input line 4162.
Package hyperref Info: Link nesting OFF on input line 4167.
Package hyperref Info: Hyper index ON on input line 4170.
Package hyperref Info: Plain pages OFF on input line 4177.
Package hyperref Info: Backreferencing OFF on input line 4182.
Package hyperref Info: Implicit mode ON; LaTeX internals redefined.
Package hyperref Info: Bookmarks ON on input line 4410.
\c@Hy@tempcnt=\count308

(/usr/share/texlive/texmf-dist/tex/latex/url/url.sty
\Urlmuskip=\muskip17
Package: url 2013/09/16  ver 3.4  Verb mode for urls, etc.
)
LaTeX Info: Redefining \url on input line 4748.
\XeTeXLinkMargin=\dimen271

(/usr/share/texlive/texmf-dist/tex/generic/bitset/bitset.sty
Package: bitset 2019/12/09 v1.3 Handle bit-vector datatype (HO)

(/usr/share/texlive/texmf-dist/tex/generic/bigintcalc/bigintcalc.sty
Package: bigintcalc 2019/12/15 v1.5 Expandable calculations on big integers (HO
)
))
\Fld@menulength=\count309
\Field@Width=\dimen272
\Fld@charsize=\dimen273
Package hyperref Info: Hyper figures OFF on input line 6027.
Package hyperref Info: Link nesting OFF on input line 6032.
Package hyperref Info: Hyper index ON on input line 6035.
Package hyperref Info: backreferencing OFF on input line 6042.
Package hyperref Info: Link coloring ON on input line 6045.
Package hyperref Info: Link coloring with OCG OFF on input line 6052.
Package hyperref Info: PDF/A mode OFF on input line 6057.

(/usr/share/texlive/texmf-dist/tex/latex/base/atbegshi-ltx.sty
Package: atbegshi-ltx 2021/01/10 v1.0c Emulation of the original atbegshi
package with kernel methods
)
\Hy@abspage=\count310
\c@Item=\count311
\c@Hfootnote=\count312
)
Package hyperref Info: Driver (autodetected): hpdftex.

(/usr/share/texlive/texmf-dist/tex/latex/hyperref/hpdftex.def
File: hpdftex.def 2022-11-13 v7.00u Hyperref driver for pdfTeX

(/usr/share/texlive/texmf-dist/tex/latex/base/atveryend-ltx.sty
Package: atveryend-ltx 2020/08/19 v1.0a Emulation of the original atveryend pac
kage
with kernel methods
)
\Fld@listcount=\count313
\c@bookmark@seq@number=\count314

(/usr/share/texlive/texmf-dist/tex/latex/rerunfilecheck/rerunfilecheck.sty
Package: rerunfilecheck 2022-07-10 v1.10 Rerun checks for auxiliary files (HO)

(/usr/share/texlive/texmf-dist/tex/generic/uniquecounter/uniquecounter.sty
Package: uniquecounter 2019/12/15 v1.4 Provide unlimited unique counter (HO)
)
Package uniquecounter Info: New unique counter `rerunfilecheck' on input line 2
85.
)
\Hy@SectionHShift=\skip85
)
(/usr/share/texlive/texmf-dist/tex/latex/oberdiek/hypcap.sty
Package: hypcap 2016/05/16 v1.12 Adjusting the anchors of captions (HO)
)
(./sphinxmessages.sty
Package: sphinxmessages 2019/01/04 v2.0 Localized LaTeX macros (Sphinx team)
)
\@indexfile=\write4
\openout4 = `flexgui.idx'.


Writing index file flexgui.idx
LaTeX Font Info:    Trying to load font information for T1+qtm on input line 71
.
(/usr/share/texmf/tex/latex/tex-gyre/t1qtm.fd
File: t1qtm.fd 2009/09/25 v1.2 font definition file for T1/qtm
)
(/usr/share/texlive/texmf-dist/tex/latex/l3backend/l3backend-pdftex.def
File: l3backend-pdftex.def 2023-01-16 L3 backend support: PDF output (pdfTeX)
\l__color_backend_stack_int=\count315
\l__pdf_internal_box=\box119
)
(./flexgui.aux)
\openout1 = `flexgui.aux'.

LaTeX Font Info:    Checking defaults for OML/cmm/m/it on input line 71.
LaTeX Font Info:    ... okay on input line 71.
LaTeX Font Info:    Checking defaults for OMS/cmsy/m/n on input line 71.
LaTeX Font Info:    ... okay on input line 71.
LaTeX Font Info:    Checking defaults for OT1/cmr/m/n on input line 71.
LaTeX Font Info:    ... okay on input line 71.
LaTeX Font Info:    Checking defaults for T1/cmr/m/n on input line 71.
LaTeX Font Info:    ... okay on input line 71.
LaTeX Font Info:    Checking defaults for TS1/cmr/m/n on input line 71.
LaTeX Font Info:    ... okay on input line 71.
LaTeX Font Info:    Checking defaults for OMX/cmex/m/n on input line 71.
LaTeX Font Info:    ... okay on input line 71.
LaTeX Font Info:    Checking defaults for U/cmr/m/n on input line 71.
LaTeX Font Info:    ... okay on input line 71.
LaTeX Font Info:    Checking defaults for PD1/pdf/m/n on input line 71.
LaTeX Font Info:    ... okay on input line 71.
LaTeX Font Info:    Checking defaults for PU/pdf/m/n on input line 71.
LaTeX Font Info:    ... okay on input line 71.

(/usr/share/texlive/texmf-dist/tex/context/base/mkii/supp-pdf.mkii
[Loading MPS to PDF converter (version 2006.09.02).]
\scratchcounter=\count316
\scratchdimen=\dimen274
\scratchbox=\box120
\nofMPsegments=\count317
\nofMParguments=\count318
\everyMPshowfont=\toks34
\MPscratchCnt=\count319
\MPscratchDim=\dimen275
\MPnumerator=\count320
\makeMPintoPDFobject=\count321
\everyMPtoPDFconversion=\toks35
) (/usr/share/texlive/texmf-dist/tex/latex/epstopdf-pkg/epstopdf-base.sty
Package: epstopdf-base 2020-01-24 v2.11 Base part for package epstopdf
Package epstopdf-base Info: Redefining graphics rule for `.eps' on input line 4
85.

(/usr/share/texlive/texmf-dist/tex/latex/latexconfig/epstopdf-sys.cfg
File: epstopdf-sys.cfg 2010/07/13 v1.3 Configuration of (r)epstopdf for TeX Liv
e
))
\c@literalblock=\count322

*geometry* driver: auto-detecting
*geometry* detected driver: pdftex
*geometry* verbose mode - [ preamble ] result:
* driver: pdftex
* paper: letterpaper
* layout: <same size as paper>
* layoutoffset:(h,v)=(0.0pt,0.0pt)
* modes: twoside 
* h-part:(L,W,R)=(72.26999pt, 469.75502pt, 72.26999pt)
* v-part:(T,H,B)=(72.26999pt, 650.43001pt, 72.26999pt)
* \paperwidth=614.295pt
* \paperheight=794.96999pt
* \textwidth=469.75502pt
* \textheight=650.43001pt
* \oddsidemargin=0.0pt
* \evensidemargin=0.0pt
* \topmargin=-37.0pt
* \headheight=12.0pt
* \headsep=25.0pt
* \topskip=10.0pt
* \footskip=30.0pt
* \marginparwidth=36.135pt
* \marginparsep=11.0pt
* \columnsep=10.0pt
* \skip\footins=9.0pt plus 4.0pt minus 2.0pt
* \hoffset=0.0pt
* \voffset=0.0pt
* \mag=1000
* \@twocolumnfalse
* \@twosidetrue
* \@mparswitchtrue
* \@reversemarginfalse
* (1in=72.27pt=25.4mm, 1cm=28.453pt)

Package hyperref Info: Link coloring ON on input line 71.
(./flexgui.out) (./flexgui.out)
\@outlinefile=\write5
\openout5 = `flexgui.out'.

Package hyperref Info: Option `pageanchor' set `false' on input line 79.
LaTeX Font Info:    Trying to load font information for T1+qhv on input line 79
.
 (/usr/share/texmf/tex/latex/tex-gyre/t1qhv.fd
File: t1qhv.fd 2009/09/25 v1.2 font definition file for T1/qhv
)<<ot1.cmap>><<oml.cmap>><<oms.cmap>><<omx.cmap>>
LaTeX Font Info:    Trying to load font information for U+msa on input line 79.


(/usr/share/texlive/texmf-dist/tex/latex/amsfonts/umsa.fd
File: umsa.fd 2013/01/14 v3.01 AMS symbols A
)
LaTeX Font Info:    Trying to load font information for U+msb on input line 79.


(/usr/share/texlive/texmf-dist/tex/latex/amsfonts/umsb.fd
File: umsb.fd 2013/01/14 v3.01 AMS symbols B
) [1

{/var/lib/texmf/fonts/map/pdftex/updmap/pdftex.map}] [2


] (./flexgui.toc [1

] [2] [3])
\tf@toc=\write6
\openout6 = `flexgui.toc'.

 [4]
Chapter 1.
LaTeX Font Info:    Trying to load font information for TS1+qtm on input line 9
4.
(/usr/share/texmf/tex/latex/tex-gyre/ts1qtm.fd
File: ts1qtm.fd 2009/09/25 v1.2 font definition file for TS1/qtm
) [1


] [2]
Chapter 2.
LaTeX Font Info:    Trying to load font information for T1+txtt on input line 2
40.
(/usr/share/texlive/texmf-dist/tex/latex/txfonts/t1txtt.fd
File: t1txtt.fd 2000/12/15 v3.1
)
LaTeX Font Info:    Trying to load font information for TS1+txtt on input line 
241.

(/usr/share/texlive/texmf-dist/tex/latex/txfonts/ts1txtt.fd
File: ts1txtt.fd 2000/12/15 v3.1
)
<install-02.png, id=708, 359.09157pt x 135.50626pt>
File: install-02.png Graphic file (type png)
<use install-02.png>
Package pdftex.def Info: install-02.png  used on input line 259.
(pdftex.def)             Requested size: 359.09068pt x 135.5059pt.
 [3

 <./install-02.png>] [4] [5] [6

]
Chapter 3.
<designer-01.png, id=731, 458.46281pt x 459.96844pt>
File: designer-01.png Graphic file (type png)
<use designer-01.png>
Package pdftex.def Info: designer-01.png  used on input line 418.
(pdftex.def)             Requested size: 458.46169pt x 459.96732pt.
[7]
<designer-02.png, id=738, 1182.66844pt x 596.98032pt>
File: designer-02.png Graphic file (type png)
<use designer-02.png>
Package pdftex.def Info: designer-02.png  used on input line 423.
(pdftex.def)             Requested size: 469.75658pt x 237.12091pt.
 [8 <./designer-01.png>]
<designer-03.png, id=744, 1182.66844pt x 596.98032pt>
File: designer-03.png Graphic file (type png)
<use designer-03.png>
Package pdftex.def Info: designer-03.png  used on input line 428.
(pdftex.def)             Requested size: 469.75658pt x 237.12091pt.
<designer-04.png, id=745, 1182.66844pt x 596.98032pt>
File: designer-04.png Graphic file (type png)
<use designer-04.png>
Package pdftex.def Info: designer-04.png  used on input line 434.
(pdftex.def)             Requested size: 469.75658pt x 237.12091pt.
 [9 <./designer-02.png> <./designer-03.png>]
<designer-05.png, id=752, 1182.66844pt x 596.98032pt>
File: designer-05.png Graphic file (type png)
<use designer-05.png>
Package pdftex.def Info: designer-05.png  used on input line 440.
(pdftex.def)             Requested size: 469.75658pt x 237.12091pt.
<designer-06.png, id=753, 1182.66844pt x 596.98032pt>
File: designer-06.png Graphic file (type png)
<use designer-06.png>
Package pdftex.def Info: designer-06.png  used on input line 445.
(pdftex.def)             Requested size: 469.75658pt x 237.12091pt.

[10 <./designer-04.png> <./designer-05.png>]
<designer-07.png, id=760, 1182.66844pt x 596.98032pt>
File: designer-07.png Graphic file (type png)
<use designer-07.png>
Package pdftex.def Info: designer-07.png  used on input line 447.
(pdftex.def)             Requested size: 469.75658pt x 237.12091pt.
<designer-08.png, id=761, 1182.66844pt x 596.98032pt>
File: designer-08.png Graphic file (type png)
<use designer-08.png>
Package pdftex.def Info: designer-08.png  used on input line 453.
(pdftex.def)             Requested size: 469.75658pt x 237.12091pt.
 [11 <./designer-06.png> <./designer-07.png>]
<designer-09.png, id=768, 1182.66844pt x 596.98032pt>
File: designer-09.png Graphic file (type png)
<use designer-09.png>
Package pdftex.def Info: designer-09.png  used on input line 455.
(pdftex.def)             Requested size: 469.75658pt x 237.12091pt.
 [12 <./designer-08.png> <./designer-09.png>] [13] [14

]
Chapter 4.
<build-01.png, id=784, 615.80063pt x 490.08093pt>
File: build-01.png Graphic file (type png)
<use build-01.png>
Package pdftex.def Info: build-01.png  used on input line 545.
(pdftex.def)             Requested size: 469.76106pt x 373.86377pt.
[15] [16 <./build-01.png>]
Chapter 5.
<property-01.png, id=795, 476.53032pt x 260.47313pt>
File: property-01.png Graphic file (type png)
<use property-01.png>
Package pdftex.def Info: property-01.png  used on input line 560.
(pdftex.def)             Requested size: 469.78142pt x 256.77223pt.
<property-02.png, id=796, 599.99156pt x 673.01437pt>
File: property-02.png Graphic file (type png)
<use property-02.png>
Package pdftex.def Info: property-02.png  used on input line 565.
(pdftex.def)             Requested size: 469.76762pt x 526.93108pt.
[17

 <./property-01.png>]
<property-03.png, id=801, 263.48438pt x 88.83188pt>
File: property-03.png Graphic file (type png)
<use property-03.png>
Package pdftex.def Info: property-03.png  used on input line 570.
(pdftex.def)             Requested size: 263.48372pt x 88.83165pt.
 [18 <./property-02.png> <./property-03.png>]
<property-04.png, id=806, 263.48438pt x 88.83188pt>
File: property-04.png Graphic file (type png)
<use property-04.png>
Package pdftex.def Info: property-04.png  used on input line 576.
(pdftex.def)             Requested size: 263.48372pt x 88.83165pt.
<property-05.png, id=807, 276.28218pt x 310.15875pt>
File: property-05.png Graphic file (type png)
<use property-05.png>
Package pdftex.def Info: property-05.png  used on input line 581.
(pdftex.def)             Requested size: 276.2815pt x 310.15799pt.
<property-06.png, id=808, 262.73157pt x 268.75406pt>
File: property-06.png Graphic file (type png)
<use property-06.png>
Package pdftex.def Info: property-06.png  used on input line 586.
(pdftex.def)             Requested size: 262.73091pt x 268.7534pt.
 [19 <./property-04.png> <./property-05.png>] [20 <./property-06.png>]
Chapter 6.
[21

]
LaTeX Font Info:    Font shape `T1/txtt/b/n' in size <10> not available
(Font)              Font shape `T1/txtt/bx/n' tried instead on input line 701.
 [22] [23]
LaTeX Font Info:    Font shape `T1/txtt/m/it' in size <10> not available
(Font)              Font shape `T1/txtt/m/sl' tried instead on input line 869.
 [24] [25] [26

]
Chapter 7.
<status-01.png, id=851, 390.70969pt x 108.405pt>
File: status-01.png Graphic file (type png)
<use status-01.png>
Package pdftex.def Info: status-01.png  used on input line 958.
(pdftex.def)             Requested size: 390.70872pt x 108.40472pt.
<status-02.png, id=853, 480.79625pt x 191.71625pt>
File: status-02.png Graphic file (type png)
<use status-02.png>
Package pdftex.def Info: status-02.png  used on input line 972.
(pdftex.def)             Requested size: 469.76118pt x 187.32481pt.
[27 <./status-01.png>]
<status-03.png, id=858, 271.0125pt x 113.67468pt>
File: status-03.png Graphic file (type png)
<use status-03.png>
Package pdftex.def Info: status-03.png  used on input line 977.
(pdftex.def)             Requested size: 271.01183pt x 113.6744pt.
<status-04.png, id=859, 359.84438pt x 258.21469pt>
File: status-04.png Graphic file (type png)
<use status-04.png>
Package pdftex.def Info: status-04.png  used on input line 982.
(pdftex.def)             Requested size: 359.84349pt x 258.21405pt.
 [28 <./status-02.png> <./status-03.png> <./status-04.png>] [29]
Underfull \vbox (badness 10000) detected at line 1104
 []


Underfull \vbox (badness 10000) detected at line 1104
 []

[30] [31]
Underfull \vbox (badness 10000) detected at line 1302
 []


Underfull \vbox (badness 10000) detected at line 1302
 []

[32]
Underfull \vbox (badness 10000) detected at line 1302
 []


Underfull \vbox (badness 10000) detected at line 1302
 []

[33] [34] [35]
<status-05.png, id=901, 481.8pt x 372.39125pt>
File: status-05.png Graphic file (type png)
<use status-05.png>
Package pdftex.def Info: status-05.png  used on input line 1770.
(pdftex.def)             Requested size: 469.77148pt x 363.09421pt.
 [36]
<status-06.png, id=910, 274.02374pt x 112.92188pt>
File: status-06.png Graphic file (type png)
<use status-06.png>
Package pdftex.def Info: status-06.png  used on input line 1775.
(pdftex.def)             Requested size: 274.02307pt x 112.92159pt.
<status-07.png, id=911, 359.84438pt x 269.50688pt>
File: status-07.png Graphic file (type png)
<use status-07.png>
Package pdftex.def Info: status-07.png  used on input line 1780.
(pdftex.def)             Requested size: 359.84349pt x 269.50621pt.
 [37 <./status-05.png> <./status-06.png>] [38 <./status-07.png>]
Chapter 8.
<menu-01.png, id=924, 1182.66844pt x 596.98032pt>
File: menu-01.png Graphic file (type png)
<use menu-01.png>
Package pdftex.def Info: menu-01.png  used on input line 1869.
(pdftex.def)             Requested size: 469.75658pt x 237.12091pt.
<menu-02.png, id=925, 307.90031pt x 45.92157pt>
File: menu-02.png Graphic file (type png)
<use menu-02.png>
Package pdftex.def Info: menu-02.png  used on input line 1882.
(pdftex.def)             Requested size: 307.89955pt x 45.92145pt.
[39

 <./menu-01.png> <./menu-02.png>] [40]
<actions-01.png, id=937, 402.00188pt x 305.64188pt>
File: actions-01.png Graphic file (type png)
<use actions-01.png>
Package pdftex.def Info: actions-01.png  used on input line 2249.
(pdftex.def)             Requested size: 402.00089pt x 305.64111pt.
<menu-03.png, id=938, 271.0125pt x 169.38281pt>
File: menu-03.png Graphic file (type png)
<use menu-03.png>
Package pdftex.def Info: menu-03.png  used on input line 2263.
(pdftex.def)             Requested size: 271.01183pt x 169.38239pt.
 [41 <./actions-01.png>]
<tool-bar-01.png, id=943, 619.31375pt x 634.37pt>
File: tool-bar-01.png Graphic file (type png)
<use tool-bar-01.png>
Package pdftex.def Info: tool-bar-01.png  used on input line 2271.
(pdftex.def)             Requested size: 469.77615pt x 481.18727pt.
 [42 <./menu-03.png (PNG copy)>]
<tool-bar-02.png, id=948, 1147.28625pt x 574.39594pt>
File: tool-bar-02.png Graphic file (type png)
<use tool-bar-02.png>
Package pdftex.def Info: tool-bar-02.png  used on input line 2277.
(pdftex.def)             Requested size: 469.74268pt x 235.17957pt.
 [43 <./tool-bar-01.png>]
<actions-02.png, id=954, 391.4625pt x 384.6872pt>
File: actions-02.png Graphic file (type png)
<use actions-02.png>
Package pdftex.def Info: actions-02.png  used on input line 2292.
(pdftex.def)             Requested size: 391.46153pt x 384.68625pt.
 [44 <./tool-bar-02.png>] [45 <./actions-02.png>] [46

]
Chapter 9.
[47]
<controls-01.png, id=976, 1182.66844pt x 596.98032pt>
File: controls-01.png Graphic file (type png)
<use controls-01.png>
Package pdftex.def Info: controls-01.png  used on input line 2589.
(pdftex.def)             Requested size: 469.75658pt x 237.12091pt.
<estop-01.png, id=978, 273.27094pt x 64.74188pt>
File: estop-01.png Graphic file (type png)
<use estop-01.png>
Package pdftex.def Info: estop-01.png  used on input line 2610.
(pdftex.def)             Requested size: 273.27025pt x 64.74171pt.
<power-01.png, id=979, 275.52937pt x 62.48344pt>
File: power-01.png Graphic file (type png)
<use power-01.png>
Package pdftex.def Info: power-01.png  used on input line 2618.
(pdftex.def)             Requested size: 275.52869pt x 62.48328pt.
 [48 <./controls-01.png> <./estop-01.png>]
<estop-02.png, id=985, 287.57437pt x 140.02313pt>
File: estop-02.png Graphic file (type png)
<use estop-02.png>
Package pdftex.def Info: estop-02.png  used on input line 2625.
(pdftex.def)             Requested size: 287.57367pt x 140.02278pt.
<estop-03.png, id=986, 207.02344pt x 75.28125pt>
File: estop-03.png Graphic file (type png)
<use estop-03.png>
Package pdftex.def Info: estop-03.png  used on input line 2630.
(pdftex.def)             Requested size: 207.02292pt x 75.28105pt.
 [49 <./power-01.png> <./estop-02.png> <./estop-03.png>] [50] [51]
<stacked-01.png, id=1011, 252.945pt x 167.87718pt>
File: stacked-01.png Graphic file (type png)
<use stacked-01.png>
Package pdftex.def Info: stacked-01.png  used on input line 3424.
(pdftex.def)             Requested size: 252.94438pt x 167.87677pt.
 [52]
<controls-02.png, id=1020, 353.82187pt x 143.03438pt>
File: controls-02.png Graphic file (type png)
<use controls-02.png>
Package pdftex.def Info: controls-02.png  used on input line 3525.
(pdftex.def)             Requested size: 353.821pt x 143.03401pt.
<controls-03.png, id=1021, 347.04657pt x 133.24782pt>
File: controls-03.png Graphic file (type png)
<use controls-03.png>
Package pdftex.def Info: controls-03.png  used on input line 3530.
(pdftex.def)             Requested size: 347.04572pt x 133.24748pt.
 [53 <./stacked-01.png> <./controls-02.png>]
<controls-04.png, id=1028, 344.03531pt x 127.97812pt>
File: controls-04.png Graphic file (type png)
<use controls-04.png>
Package pdftex.def Info: controls-04.png  used on input line 3535.
(pdftex.def)             Requested size: 344.03447pt x 127.9778pt.
<controls-05.png, id=1029, 353.06906pt x 137.7647pt>
File: controls-05.png Graphic file (type png)
<use controls-05.png>
Package pdftex.def Info: controls-05.png  used on input line 3540.
(pdftex.def)             Requested size: 353.06819pt x 137.76434pt.
 [54 <./controls-03.png> <./controls-04.png> <./controls-05.png>] [55]
[56

]
Chapter 10.
[57] [58] [59] [60

]
Chapter 11.
<dynamic-property-01.png, id=1069, 263.48438pt x 88.83188pt>
File: dynamic-property-01.png Graphic file (type png)
<use dynamic-property-01.png>
Package pdftex.def Info: dynamic-property-01.png  used on input line 4411.
(pdftex.def)             Requested size: 263.48372pt x 88.83165pt.
<dynamic-property-02.png, id=1070, 293.59688pt x 210.03468pt>
File: dynamic-property-02.png Graphic file (type png)
<use dynamic-property-02.png>
Package pdftex.def Info: dynamic-property-02.png  used on input line 4416.
(pdftex.def)             Requested size: 293.59615pt x 210.03416pt.
[61 <./dynamic-property-01.png> <./dynamic-property-02.png>]
<nccode-popup.png, id=1076, 390.70969pt x 285.31593pt>
File: nccode-popup.png Graphic file (type png)
<use nccode-popup.png>
Package pdftex.def Info: nccode-popup.png  used on input line 4421.
(pdftex.def)             Requested size: 390.70872pt x 285.31523pt.
<keyboard-popup.png, id=1077, 594.72188pt x 313.17pt>
File: keyboard-popup.png Graphic file (type png)
<use keyboard-popup.png>
Package pdftex.def Info: keyboard-popup.png  used on input line 4426.
(pdftex.def)             Requested size: 469.75253pt x 247.37291pt.
 [62 <./nccode-popup.png> <./keyboard-popup.png>]
<mdi-history.png, id=1083, 304.13625pt x 355.3275pt>
File: mdi-history.png Graphic file (type png)
<use mdi-history.png>
Package pdftex.def Info: mdi-history.png  used on input line 4436.
(pdftex.def)             Requested size: 304.1355pt x 355.32661pt.
 [63 <./mdi-history.png>]
<mdi-01.png, id=1089, 362.10281pt x 181.42781pt>
File: mdi-01.png Graphic file (type png)
<use mdi-01.png>
Package pdftex.def Info: mdi-01.png  used on input line 4532.
(pdftex.def)             Requested size: 362.10191pt x 181.42737pt.
<mdi-02.png, id=1090, 364.36125pt x 176.15813pt>
File: mdi-02.png Graphic file (type png)
<use mdi-02.png>
Package pdftex.def Info: mdi-02.png  used on input line 4537.
(pdftex.def)             Requested size: 364.36035pt x 176.15768pt.
<mdi-03.png, id=1091, 263.48438pt x 88.83188pt>
File: mdi-03.png Graphic file (type png)
<use mdi-03.png>
Package pdftex.def Info: mdi-03.png  used on input line 4542.
(pdftex.def)             Requested size: 263.48372pt x 88.83165pt.
<mdi-04.png, id=1092, 357.58594pt x 219.82124pt>
File: mdi-04.png Graphic file (type png)
<use mdi-04.png>
Package pdftex.def Info: mdi-04.png  used on input line 4547.
(pdftex.def)             Requested size: 357.58505pt x 219.8207pt.
 [64 <./mdi-01.png (PNG copy)> <./mdi-02.png (PNG copy)> <./mdi-03.png>]
<mdi-05.png, id=1097, 263.48438pt x 88.83188pt>
File: mdi-05.png Graphic file (type png)
<use mdi-05.png>
Package pdftex.def Info: mdi-05.png  used on input line 4552.
(pdftex.def)             Requested size: 263.48372pt x 88.83165pt.
<mdi-06.png, id=1098, 359.09157pt x 221.32687pt>
File: mdi-06.png Graphic file (type png)
<use mdi-06.png>
Package pdftex.def Info: mdi-06.png  used on input line 4557.
(pdftex.def)             Requested size: 359.09068pt x 221.32631pt.
 [65 <./mdi-04.png> <./mdi-05.png> <./mdi-06.png>] [66

]
Chapter 12.
[67] [68]
Chapter 13.
<parameters-01.png, id=1121, 264.99pt x 217.5628pt>
File: parameters-01.png Graphic file (type png)
<use parameters-01.png>
Package pdftex.def Info: parameters-01.png  used on input line 4921.
(pdftex.def)             Requested size: 264.98935pt x 217.56227pt.
[69

 <./parameters-01.png>]
<parameters-02.png, id=1127, 270.25969pt x 214.55156pt>
File: parameters-02.png Graphic file (type png)
<use parameters-02.png>
Package pdftex.def Info: parameters-02.png  used on input line 4946.
(pdftex.def)             Requested size: 270.25902pt x 214.55103pt.
<parameters-03.png, id=1128, 261.22594pt x 216.81pt>
File: parameters-03.png Graphic file (type png)
<use parameters-03.png>
Package pdftex.def Info: parameters-03.png  used on input line 4956.
(pdftex.def)             Requested size: 261.22528pt x 216.80946pt.
<parameters-04.png, id=1129, 139.27031pt x 133.24782pt>
File: parameters-04.png Graphic file (type png)
<use parameters-04.png>
Package pdftex.def Info: parameters-04.png  used on input line 4966.
(pdftex.def)             Requested size: 139.26996pt x 133.24748pt.
 [70 <./parameters-02.png> <./parameters-03.png>]
[71 <./parameters-04.png>] [72

]
Chapter 14.
[73] [74]
Chapter 15.
<probe-00.png, id=1154, 268.75406pt x 140.77594pt>
File: probe-00.png Graphic file (type png)
<use probe-00.png>
Package pdftex.def Info: probe-00.png  used on input line 5106.
(pdftex.def)             Requested size: 268.7534pt x 140.77557pt.
[75

 <./probe-00.png>]
<probe-01.png, id=1160, 128.73094pt x 100.12407pt>
File: probe-01.png Graphic file (type png)
<use probe-01.png>
Package pdftex.def Info: probe-01.png  used on input line 5111.
(pdftex.def)             Requested size: 128.7306pt x 100.12381pt.
<probe-02.png, id=1163, 620.3175pt x 537.50812pt>
File: probe-02.png Graphic file (type png)
<use probe-02.png>
Package pdftex.def Info: probe-02.png  used on input line 5145.
(pdftex.def)             Requested size: 469.75192pt x 407.04231pt.
 [76 <./probe-01.png>] [77 <./probe-02.png>]
<probe-03.png, id=1174, 688.82344pt x 325.215pt>
File: probe-03.png Graphic file (type png)
<use probe-03.png>
Package pdftex.def Info: probe-03.png  used on input line 5235.
(pdftex.def)             Requested size: 469.76012pt x 221.79333pt.
 [78] [79 <./probe-03.png>] [80

]
Chapter 16.
<tools-01.png, id=1190, 437.635pt x 290.08376pt>
File: tools-01.png Graphic file (type png)
<use tools-01.png>
Package pdftex.def Info: tools-01.png  used on input line 5248.
(pdftex.def)             Requested size: 437.63393pt x 290.08304pt.
[81 <./tools-01.png>]
<tools-02.png, id=1197, 266.49562pt x 207.02344pt>
File: tools-02.png Graphic file (type png)
<use tools-02.png>
Package pdftex.def Info: tools-02.png  used on input line 5305.
(pdftex.def)             Requested size: 266.49496pt x 207.02292pt.
<tools-03.png, id=1198, 634.62094pt x 609.77812pt>
File: tools-03.png Graphic file (type png)
<use tools-03.png>
Package pdftex.def Info: tools-03.png  used on input line 5310.
(pdftex.def)             Requested size: 469.76707pt x 451.37761pt.
 [82 <./tools-02.png>]
<tools-04.png, id=1203, 269.50688pt x 205.5178pt>
File: tools-04.png Graphic file (type png)
<use tools-04.png>
Package pdftex.def Info: tools-04.png  used on input line 5316.
(pdftex.def)             Requested size: 269.50621pt x 205.5173pt.
 [83 <./tools-03.png>]
<tools-05.png, id=1208, 634.62094pt x 609.77812pt>
File: tools-05.png Graphic file (type png)
<use tools-05.png>
Package pdftex.def Info: tools-05.png  used on input line 5321.
(pdftex.def)             Requested size: 469.76707pt x 451.37761pt.
 [84 <./tools-04.png>]
<tools-06.png, id=1213, 301.125pt x 225.84375pt>
File: tools-06.png Graphic file (type png)
<use tools-06.png>
Package pdftex.def Info: tools-06.png  used on input line 5345.
(pdftex.def)             Requested size: 301.12425pt x 225.84319pt.
<tools-07.png, id=1214, 301.125pt x 225.84375pt>
File: tools-07.png Graphic file (type png)
<use tools-07.png>
Package pdftex.def Info: tools-07.png  used on input line 5352.
(pdftex.def)             Requested size: 301.12425pt x 225.84319pt.
<tools-08.png, id=1215, 301.125pt x 225.84375pt>
File: tools-08.png Graphic file (type png)
<use tools-08.png>
Package pdftex.def Info: tools-08.png  used on input line 5359.
(pdftex.def)             Requested size: 301.12425pt x 225.84319pt.
 [85 <./tools-05.png>] [86 <./tools-06.png> <./tools-07.png>] [87 <./tools-08.p
ng>]
File: tools-08.png Graphic file (type png)
<use tools-08.png>
Package pdftex.def Info: tools-08.png  used on input line 5498.
(pdftex.def)             Requested size: 301.12425pt x 225.84319pt.
<tools-09.png, id=1233, 270.25969pt x 204.01219pt>
File: tools-09.png Graphic file (type png)
<use tools-09.png>
Package pdftex.def Info: tools-09.png  used on input line 5503.
(pdftex.def)             Requested size: 270.25902pt x 204.01169pt.
 [88] [89 <./tools-09.png>] [90

]
Chapter 17.
<coordinate-01.png, id=1252, 261.22594pt x 200.24812pt>
File: coordinate-01.png Graphic file (type png)
<use coordinate-01.png>
Package pdftex.def Info: coordinate-01.png  used on input line 5704.
(pdftex.def)             Requested size: 261.22528pt x 200.24763pt.
<coordinate-02.png, id=1253, 521.69907pt x 73.77562pt>
File: coordinate-02.png Graphic file (type png)
<use coordinate-02.png>
Package pdftex.def Info: coordinate-02.png  used on input line 5709.
(pdftex.def)             Requested size: 469.76363pt x 66.4312pt.
[91 <./coordinate-01.png>] [92 <./coordinate-02.png>]
Chapter 18.
<file-selector-01.png, id=1265, 305.64188pt x 395.97937pt>
File: file-selector-01.png Graphic file (type png)
<use file-selector-01.png>
Package pdftex.def Info: file-selector-01.png  used on input line 5772.
(pdftex.def)             Requested size: 305.64111pt x 395.97841pt.
[93

]
<gcode-viewer-01.png, id=1271, 634.62094pt x 252.945pt>
File: gcode-viewer-01.png Graphic file (type png)
<use gcode-viewer-01.png>
Package pdftex.def Info: gcode-viewer-01.png  used on input line 5790.
(pdftex.def)             Requested size: 469.76707pt x 187.23811pt.
 [94 <./file-selector-01.png>]
<mdi-viewer-01.png, id=1276, 637.63219pt x 282.30469pt>
File: mdi-viewer-01.png Graphic file (type png)
<use mdi-viewer-01.png>
Package pdftex.def Info: mdi-viewer-01.png  used on input line 5862.
(pdftex.def)             Requested size: 469.75833pt x 207.98036pt.
 [95 <./gcode-viewer-01.png> <./mdi-viewer-01.png>]
<error-viewer-01.png, id=1282, 347.04657pt x 309.40594pt>
File: error-viewer-01.png Graphic file (type png)
<use error-viewer-01.png>
Package pdftex.def Info: error-viewer-01.png  used on input line 5874.
(pdftex.def)             Requested size: 347.04572pt x 309.40518pt.
 [96 <./error-viewer-01.png>]
<fsc-02.png, id=1287, 342.5297pt x 277.035pt>
File: fsc-02.png Graphic file (type png)
<use fsc-02.png>
Package pdftex.def Info: fsc-02.png  used on input line 5916.
(pdftex.def)             Requested size: 342.52885pt x 277.03432pt.
<fsc-01.png, id=1289, 201.00093pt x 42.1575pt>
File: fsc-01.png Graphic file (type png)
<use fsc-01.png>
Package pdftex.def Info: fsc-01.png  used on input line 5924.
(pdftex.def)             Requested size: 201.00043pt x 42.15738pt.
<dsc-01.png, id=1290, 391.4625pt x 258.21469pt>
File: dsc-01.png Graphic file (type png)
<use dsc-01.png>
Package pdftex.def Info: dsc-01.png  used on input line 5935.
(pdftex.def)             Requested size: 391.46153pt x 258.21405pt.
 [97 <./fsc-02.png> <./fsc-01.png>]
<help-01.png, id=1296, 283.81032pt x 310.91156pt>
File: help-01.png Graphic file (type png)
<use help-01.png>
Package pdftex.def Info: help-01.png  used on input line 6049.
(pdftex.def)             Requested size: 283.80962pt x 310.91078pt.
 [98 <./dsc-01.png>]
<help-02.png, id=1303, 376.40625pt x 376.40625pt>
File: help-02.png Graphic file (type png)
<use help-02.png>
Package pdftex.def Info: help-02.png  used on input line 6054.
(pdftex.def)             Requested size: 376.40532pt x 376.40532pt.
 [99 <./help-01.png>] [100 <./help-02.png>]
Chapter 19.
[101

] [102]
<hal-bool-label-01.png, id=1329, 312.41719pt x 322.20375pt>
File: hal-bool-label-01.png Graphic file (type png)
<use hal-bool-label-01.png>
Package pdftex.def Info: hal-bool-label-01.png  used on input line 6470.
(pdftex.def)             Requested size: 312.41641pt x 322.20296pt.
 [103 <./hal-bool-label-01.png>]
<hal-msl.png, id=1336, 252.19218pt x 188.20313pt>
File: hal-msl.png Graphic file (type png)
<use hal-msl.png>
Package pdftex.def Info: hal-msl.png  used on input line 6541.
(pdftex.def)             Requested size: 252.19156pt x 188.20265pt.
 [104 <./hal-msl.png>]
<hal-01.png, id=1344, 480.79625pt x 183.68625pt>
File: hal-01.png Graphic file (type png)
<use hal-01.png>
Package pdftex.def Info: hal-01.png  used on input line 6715.
(pdftex.def)             Requested size: 469.76118pt x 179.48154pt.
 [105]
<hal-02.png, id=1350, 275.52937pt x 121.95563pt>
File: hal-02.png Graphic file (type png)
<use hal-02.png>
Package pdftex.def Info: hal-02.png  used on input line 6720.
(pdftex.def)             Requested size: 275.52869pt x 121.9553pt.
<hal-03.png, id=1351, 359.84438pt x 206.27063pt>
File: hal-03.png Graphic file (type png)
<use hal-03.png>
Package pdftex.def Info: hal-03.png  used on input line 6726.
(pdftex.def)             Requested size: 359.84349pt x 206.27011pt.
<hal-04.png, id=1352, 358.33875pt x 243.15843pt>
File: hal-04.png Graphic file (type png)
<use hal-04.png>
Package pdftex.def Info: hal-04.png  used on input line 6732.
(pdftex.def)             Requested size: 358.33788pt x 243.15784pt.

[106 <./hal-01.png> <./hal-02.png> <./hal-03.png>]
<hal-05.png, id=1358, 353.82187pt x 232.61906pt>
File: hal-05.png Graphic file (type png)
<use hal-05.png>
Package pdftex.def Info: hal-05.png  used on input line 6737.
(pdftex.def)             Requested size: 353.821pt x 232.61848pt.
<hal-06.png, id=1359, 352.31625pt x 237.88875pt>
File: hal-06.png Graphic file (type png)
<use hal-06.png>
Package pdftex.def Info: hal-06.png  used on input line 6742.
(pdftex.def)             Requested size: 352.31538pt x 237.88815pt.
 [107 <./hal-04.png> <./hal-05.png>]
<hal-07.png, id=1364, 402.50375pt x 242.9075pt>
File: hal-07.png Graphic file (type png)
<use hal-07.png>
Package pdftex.def Info: hal-07.png  used on input line 6748.
(pdftex.def)             Requested size: 402.50276pt x 242.90689pt.
<hal-08.png, id=1365, 663.98062pt x 421.575pt>
File: hal-08.png Graphic file (type png)
<use hal-08.png>
Package pdftex.def Info: hal-08.png  used on input line 6753.
(pdftex.def)             Requested size: 469.75783pt x 298.25894pt.
 [108 <./hal-06.png> <./hal-07.png>]
<hal-09.png, id=1371, 357.58594pt x 285.31593pt>
File: hal-09.png Graphic file (type png)
<use hal-09.png>
Package pdftex.def Info: hal-09.png  used on input line 6774.
(pdftex.def)             Requested size: 357.58505pt x 285.31523pt.
 [109 <./hal-08.png>] [110 <./hal-09.png>]
Chapter 20.
<new-action-01.png, id=1382, 271.76532pt x 283.0575pt>
File: new-action-01.png Graphic file (type png)
<use new-action-01.png>
Package pdftex.def Info: new-action-01.png  used on input line 6792.
(pdftex.def)             Requested size: 271.76465pt x 283.0568pt.
<new-action-02.png, id=1383, 280.04625pt x 211.54031pt>
File: new-action-02.png Graphic file (type png)
<use new-action-02.png>
Package pdftex.def Info: new-action-02.png  used on input line 6798.
(pdftex.def)             Requested size: 280.04555pt x 211.53978pt.
[111

 <./new-action-01.png (PNG copy)>]
<new-action-03.png, id=1389, 1378.39969pt x 748.29562pt>
File: new-action-03.png Graphic file (type png)
<use new-action-03.png>
Package pdftex.def Info: new-action-03.png  used on input line 6810.
(pdftex.def)             Requested size: 469.74341pt x 255.01088pt.
 [112 <./new-action-02.png> <./new-action-03.png (PNG copy)>]
<touch-01.png, id=1394, 390.70969pt x 285.31593pt>
File: touch-01.png Graphic file (type png)
<use touch-01.png>
Package pdftex.def Info: touch-01.png  used on input line 6827.
(pdftex.def)             Requested size: 390.70872pt x 285.31523pt.
<touch-02.png, id=1395, 390.70969pt x 285.31593pt>
File: touch-02.png Graphic file (type png)
<use touch-02.png>
Package pdftex.def Info: touch-02.png  used on input line 6832.
(pdftex.def)             Requested size: 390.70872pt x 285.31523pt.
 [113 <./touch-01.png>]
<touch-03.png, id=1400, 573.64313pt x 274.77657pt>
File: touch-03.png Graphic file (type png)
<use touch-03.png>
Package pdftex.def Info: touch-03.png  used on input line 6837.
(pdftex.def)             Requested size: 469.7602pt x 225.02054pt.
 [114 <./touch-02.png> <./touch-03.png>]
<touch-04.png, id=1405, 301.125pt x 269.50688pt>
File: touch-04.png Graphic file (type png)
<use touch-04.png>
Package pdftex.def Info: touch-04.png  used on input line 6847.
(pdftex.def)             Requested size: 301.12425pt x 269.50621pt.
<touch-05.png, id=1406, 630.10406pt x 226.59656pt>
File: touch-05.png Graphic file (type png)
<use touch-05.png>
Package pdftex.def Info: touch-05.png  used on input line 6852.
(pdftex.def)             Requested size: 469.75981pt x 168.93047pt.
 [115 <./touch-04.png> <./touch-05.png>]
<touch-06.png, id=1412, 202.50656pt x 399.74344pt>
File: touch-06.png Graphic file (type png)
<use touch-06.png>
Package pdftex.def Info: touch-06.png  used on input line 6890.
(pdftex.def)             Requested size: 202.50604pt x 399.74245pt.
 [116] [117 <./touch-06.png>]
[118

]
Chapter 21.
<layout-01.png, id=1425, 820.06375pt x 649.42625pt>
File: layout-01.png Graphic file (type png)
<use layout-01.png>
Package pdftex.def Info: layout-01.png  used on input line 6901.
(pdftex.def)             Requested size: 469.76865pt x 372.01006pt.
<layout-02.png, id=1426, 618.81187pt x 480.29437pt>
File: layout-02.png Graphic file (type png)
<use layout-02.png>
Package pdftex.def Info: layout-02.png  used on input line 6907.
(pdftex.def)             Requested size: 469.77315pt x 364.60977pt.
[119 <./layout-01.png>]
<layout-03.png, id=1432, 1147.28625pt x 574.39594pt>
File: layout-03.png Graphic file (type png)
<use layout-03.png>
Package pdftex.def Info: layout-03.png  used on input line 6913.
(pdftex.def)             Requested size: 469.74268pt x 235.17957pt.
<layout-04.png, id=1433, 612.78937pt x 478.78876pt>
File: layout-04.png Graphic file (type png)
<use layout-04.png>
Package pdftex.def Info: layout-04.png  used on input line 6918.
(pdftex.def)             Requested size: 469.75478pt x 367.032pt.
 [120 <./layout-02.png> <./layout-03.png>]
<layout-05.png, id=1438, 817.0525pt x 635.37375pt>
File: layout-05.png Graphic file (type png)
<use layout-05.png>
Package pdftex.def Info: layout-05.png  used on input line 6924.
(pdftex.def)             Requested size: 469.76414pt x 365.30798pt.
 [121 <./layout-04.png>]
<layout-06.png, id=1444, 358.33875pt x 305.64188pt>
File: layout-06.png Graphic file (type png)
<use layout-06.png>
Package pdftex.def Info: layout-06.png  used on input line 6930.
(pdftex.def)             Requested size: 358.33788pt x 305.64111pt.
 [122 <./layout-05.png>] [123 <./layout-06.png>] [124

]
Chapter 22.
<tips-01.png, id=1457, 413.545pt x 310.15875pt>
File: tips-01.png Graphic file (type png)
<use tips-01.png>
Package pdftex.def Info: tips-01.png  used on input line 6947.
(pdftex.def)             Requested size: 413.54398pt x 310.15799pt.
<tips-02.png, id=1458, 277.78781pt x 143.78719pt>
File: tips-02.png Graphic file (type png)
<use tips-02.png>
Package pdftex.def Info: tips-02.png  used on input line 6960.
(pdftex.def)             Requested size: 277.78711pt x 143.78683pt.
[125 <./tips-01.png>]
<tips-03.png, id=1463, 356.0803pt x 225.09094pt>
File: tips-03.png Graphic file (type png)
<use tips-03.png>
Package pdftex.def Info: tips-03.png  used on input line 6966.
(pdftex.def)             Requested size: 356.07944pt x 225.09038pt.
<tips-04.png, id=1464, 356.0803pt x 225.09094pt>
File: tips-04.png Graphic file (type png)
<use tips-04.png>
Package pdftex.def Info: tips-04.png  used on input line 6971.
(pdftex.def)             Requested size: 356.07944pt x 225.09038pt.
 [126 <./tips-02.png> <./tips-03.png> <./tips-04.png>]
<tips-05.png, id=1469, 354.57469pt x 86.57344pt>
File: tips-05.png Graphic file (type png)
<use tips-05.png>
Package pdftex.def Info: tips-05.png  used on input line 6977.
(pdftex.def)             Requested size: 354.57382pt x 86.57321pt.

[127 <./tips-05.png>] [128

]
Chapter 23.
[129] [130] [131] [132

]
Chapter 24.
<resources-00.png, id=1502, 540.51938pt x 455.45157pt>
File: resources-00.png Graphic file (type png)
<use resources-00.png>
Package pdftex.def Info: resources-00.png  used on input line 7392.
(pdftex.def)             Requested size: 469.7697pt x 395.82964pt.
[133]
<resources-01.png, id=1508, 342.5297pt x 292.84406pt>
File: resources-01.png Graphic file (type png)
<use resources-01.png>
Package pdftex.def Info: resources-01.png  used on input line 7397.
(pdftex.def)             Requested size: 342.52885pt x 292.84334pt.
 [134 <./resources-00.png>]
<resources-02.png, id=1513, 481.8pt x 314.67563pt>
File: resources-02.png Graphic file (type png)
<use resources-02.png>
Package pdftex.def Info: resources-02.png  used on input line 7402.
(pdftex.def)             Requested size: 469.77148pt x 306.8243pt.
<resources-03.png, id=1514, 540.51938pt x 455.45157pt>
File: resources-03.png Graphic file (type png)
<use resources-03.png>
Package pdftex.def Info: resources-03.png  used on input line 7407.
(pdftex.def)             Requested size: 469.7697pt x 395.82964pt.
 [135 <./resources-01.png (PNG copy)> <./resources-02.png>]
<resources-04.png, id=1519, 481.8pt x 314.67563pt>
File: resources-04.png Graphic file (type png)
<use resources-04.png>
Package pdftex.def Info: resources-04.png  used on input line 7414.
(pdftex.def)             Requested size: 469.77148pt x 306.8243pt.
 [136 <./resources-03.png>]
<resources-05.png, id=1524, 540.51938pt x 455.45157pt>
File: resources-05.png Graphic file (type png)
<use resources-05.png>
Package pdftex.def Info: resources-05.png  used on input line 7419.
(pdftex.def)             Requested size: 469.7697pt x 395.82964pt.
 [137 <./resources-04.png>]
<resources-06.png, id=1529, 540.51938pt x 455.45157pt>
File: resources-06.png Graphic file (type png)
<use resources-06.png>
Package pdftex.def Info: resources-06.png  used on input line 7424.
(pdftex.def)             Requested size: 469.7697pt x 395.82964pt.
 [138 <./resources-05.png>]
<resources-07.png, id=1534, 481.8pt x 314.67563pt>
File: resources-07.png Graphic file (type png)
<use resources-07.png>
Package pdftex.def Info: resources-07.png  used on input line 7429.
(pdftex.def)             Requested size: 469.77148pt x 306.8243pt.
 [139 <./resources-06.png>]
<resources-08.png, id=1540, 540.51938pt x 455.45157pt>
File: resources-08.png Graphic file (type png)
<use resources-08.png>
Package pdftex.def Info: resources-08.png  used on input line 7439.
(pdftex.def)             Requested size: 469.7697pt x 395.82964pt.
 [140 <./resources-07.png>]
Overfull \vbox (1.54614pt too high) detected at line 7474
 []

[141 <./resources-08.png>]
<resources-09.png, id=1549, 207.02344pt x 215.30438pt>
File: resources-09.png Graphic file (type png)
<use resources-09.png>
Package pdftex.def Info: resources-09.png  used on input line 7479.
(pdftex.def)             Requested size: 207.02292pt x 215.30385pt.
 (./flexgui.ind) [142 <./resources-09.png>]
(./flexgui.aux)
Package rerunfilecheck Info: File `flexgui.out' has not changed.
(rerunfilecheck)             Checksum: 391943D3086FD42BD80069158F44B5E9;15955.
 ) 
Here is how much of TeX's memory you used:
 17013 strings out of 478051
 280564 string characters out of 5840944
 1989330 words of memory out of 5000000
 36306 multiletter control sequences out of 15000+600000
 560863 words of font info for 73 fonts, out of 8000000 for 9000
 15 hyphenation exceptions out of 8191
 72i,12n,76p,623b,661s stack positions out of 10000i,1000n,20000p,200000b,200000s
{/usr/share/texmf/fonts/enc/dvips/tex-gyre/q-ec.enc}{/usr/share/texmf/fonts/e
nc/dvips/tex-gyre/q-ts1.enc}</usr/share/texlive/texmf-dist/fonts/type1/public/a
msfonts/cm/cmmi5.pfb></usr/share/texlive/texmf-dist/fonts/type1/public/amsfonts
/cm/cmsy5.pfb></usr/share/texmf/fonts/type1/public/tex-gyre/qhvb.pfb></usr/shar
e/texmf/fonts/type1/public/tex-gyre/qhvr.pfb></usr/share/texmf/fonts/type1/publ
ic/tex-gyre/qtmb.pfb></usr/share/texmf/fonts/type1/public/tex-gyre/qtmr.pfb></u
sr/share/texmf/fonts/type1/public/tex-gyre/qtmri.pfb></usr/share/texlive/texmf-
dist/fonts/type1/public/txfonts/t1xbtt.pfb></usr/share/texlive/texmf-dist/fonts
/type1/public/txfonts/t1xtt.pfb></usr/share/texlive/texmf-dist/fonts/type1/publ
ic/txfonts/t1xtt.pfb></usr/share/texlive/texmf-dist/fonts/type1/public/txfonts/
tcxtt.pfb>
Output written on flexgui.pdf (148 pages, 4797431 bytes).
PDF statistics:
 1675 PDF objects out of 1728 (max. 8388607)
 1356 compressed objects within 14 object streams
 337 named destinations out of 1000 (max. 500000)
 1674 words of extra memory for PDF output out of 10000 (max. 10000000)

