\BOOKMARK [0][-]{chapter.1}{\376\377\000F\000l\000e\000x\000\040\000G\000U\000I\000\040\000D\000e\000s\000c\000r\000i\000p\000t\000i\000o\000n}{}% 1
\BOOKMARK [1][-]{section.1.1}{\376\377\000F\000e\000a\000t\000u\000r\000e\000s}{chapter.1}% 2
\BOOKMARK [1][-]{section.1.2}{\376\377\000A\000c\000r\000o\000n\000y\000m\000s}{chapter.1}% 3
\BOOKMARK [0][-]{chapter.2}{\376\377\000I\000n\000s\000t\000a\000l\000l\000i\000n\000g}{}% 4
\BOOKMARK [1][-]{section.2.1}{\376\377\000I\000n\000s\000t\000a\000l\000l\000\040\000w\000i\000t\000h\000\040\000A\000p\000t}{chapter.2}% 5
\BOOKMARK [1][-]{section.2.2}{\376\377\000I\000n\000s\000t\000a\000l\000l\000\040\000t\000h\000e\000\040\000D\000e\000b}{chapter.2}% 6
\BOOKMARK [1][-]{section.2.3}{\376\377\000B\000u\000i\000l\000d\000\040\000a\000n\000d\000\040\000I\000n\000s\000t\000a\000l\000l}{chapter.2}% 7
\BOOKMARK [1][-]{section.2.4}{\376\377\000C\000o\000p\000y\000\040\000E\000x\000a\000m\000p\000l\000e\000\040\000F\000i\000l\000e\000s}{chapter.2}% 8
\BOOKMARK [0][-]{chapter.3}{\376\377\000Q\000t\000\040\000D\000e\000s\000i\000g\000n\000e\000r}{}% 9
\BOOKMARK [1][-]{section.3.1}{\376\377\000I\000n\000s\000t\000a\000l\000l\000i\000n\000g\000\040\000t\000h\000e\000\040\000Q\000t\000\040\000D\000e\000s\000i\000g\000n\000e\000r}{chapter.3}% 10
\BOOKMARK [1][-]{section.3.2}{\376\377\000B\000u\000i\000l\000d\000i\000n\000g\000\040\000a\000\040\000G\000U\000I}{chapter.3}% 11
\BOOKMARK [1][-]{section.3.3}{\376\377\000Q\000t\0006\000\040\000D\000e\000s\000i\000g\000n\000e\000r}{chapter.3}% 12
\BOOKMARK [0][-]{chapter.4}{\376\377\000B\000u\000i\000l\000d\000i\000n\000g\000\040\000a\000\040\000G\000U\000I}{}% 13
\BOOKMARK [1][-]{section.4.1}{\376\377\000C\000o\000p\000y\000\040\000a\000\040\000S\000t\000a\000r\000t\000e\000r}{chapter.4}% 14
\BOOKMARK [0][-]{chapter.5}{\376\377\000D\000y\000n\000a\000m\000i\000c\000\040\000P\000r\000o\000p\000e\000r\000t\000i\000e\000s}{}% 15
\BOOKMARK [0][-]{chapter.6}{\376\377\000I\000N\000I\000\040\000S\000e\000t\000t\000i\000n\000g\000s}{}% 16
\BOOKMARK [1][-]{section.6.1}{\376\377\000U\000s\000i\000n\000g\000\040\000F\000l\000e\000x\000\040\000G\000U\000I}{chapter.6}% 17
\BOOKMARK [1][-]{section.6.2}{\376\377\000T\000h\000e\000m\000e\000s}{chapter.6}% 18
\BOOKMARK [1][-]{section.6.3}{\376\377\000J\000o\000g\000\040\000I\000n\000c\000r\000e\000m\000e\000n\000t\000s}{chapter.6}% 19
\BOOKMARK [1][-]{section.6.4}{\376\377\000S\000t\000a\000r\000t\000u\000p\000\040\000F\000i\000l\000e}{chapter.6}% 20
\BOOKMARK [1][-]{section.6.5}{\376\377\000F\000i\000l\000e\000\040\000L\000o\000c\000a\000t\000i\000o\000n}{chapter.6}% 21
\BOOKMARK [1][-]{section.6.6}{\376\377\000T\000o\000o\000l\000\040\000T\000a\000b\000l\000e\000\040\000E\000d\000i\000t\000o\000r}{chapter.6}% 22
\BOOKMARK [1][-]{section.6.7}{\376\377\000R\000e\000s\000o\000u\000r\000c\000e\000\040\000F\000i\000l\000e}{chapter.6}% 23
\BOOKMARK [1][-]{section.6.8}{\376\377\000F\000i\000l\000e\000\040\000E\000x\000t\000e\000n\000s\000i\000o\000n\000s}{chapter.6}% 24
\BOOKMARK [1][-]{section.6.9}{\376\377\000S\000c\000r\000e\000e\000n\000\040\000S\000i\000z\000e}{chapter.6}% 25
\BOOKMARK [1][-]{section.6.10}{\376\377\000P\000l\000o\000t\000t\000e\000r}{chapter.6}% 26
\BOOKMARK [1][-]{section.6.11}{\376\377\000C\000o\000l\000o\000r\000s}{chapter.6}% 27
\BOOKMARK [1][-]{section.6.12}{\376\377\000L\000E\000D\000\040\000D\000e\000f\000a\000u\000l\000t\000s}{chapter.6}% 28
\BOOKMARK [1][-]{section.6.13}{\376\377\000T\000o\000u\000c\000h\000\040\000S\000c\000r\000e\000e\000n\000s}{chapter.6}% 29
\BOOKMARK [0][-]{chapter.7}{\376\377\000S\000t\000a\000t\000u\000s\000\040\000L\000a\000b\000e\000l\000s}{}% 30
\BOOKMARK [1][-]{section.7.1}{\376\377\000P\000r\000e\000c\000i\000s\000i\000o\000n}{chapter.7}% 31
\BOOKMARK [1][-]{section.7.2}{\376\377\000S\000t\000a\000t\000u\000s\000\040\000L\000a\000b\000e\000l\000s}{chapter.7}% 32
\BOOKMARK [1][-]{section.7.3}{\376\377\000A\000x\000i\000s\000\040\000S\000t\000a\000t\000u\000s}{chapter.7}% 33
\BOOKMARK [1][-]{section.7.4}{\376\377\000J\000o\000i\000n\000t\000\040\000S\000t\000a\000t\000u\000s\000\040\000L\000a\000b\000e\000l\000s}{chapter.7}% 34
\BOOKMARK [1][-]{section.7.5}{\376\377\000S\000p\000e\000c\000i\000a\000l\000\040\000L\000a\000b\000e\000l\000s}{chapter.7}% 35
\BOOKMARK [1][-]{section.7.6}{\376\377\000A\000x\000i\000s\000\040\000P\000o\000s\000i\000t\000i\000o\000n\000\040\000L\000a\000b\000e\000l\000s}{chapter.7}% 36
\BOOKMARK [1][-]{section.7.7}{\376\377\000A\000x\000i\000s\000\040\000D\000i\000s\000t\000a\000n\000c\000e\000\040\000t\000o\000\040\000G\000o\000\040\000l\000a\000b\000e\000l\000s}{chapter.7}% 37
\BOOKMARK [1][-]{section.7.8}{\376\377\000A\000x\000i\000s\000\040\000H\000o\000m\000e\000d\000\040\000L\000a\000b\000e\000l\000s}{chapter.7}% 38
\BOOKMARK [1][-]{section.7.9}{\376\377\000O\000f\000f\000s\000e\000t\000\040\000L\000a\000b\000e\000l\000s}{chapter.7}% 39
\BOOKMARK [1][-]{section.7.10}{\376\377\000V\000e\000l\000o\000c\000i\000t\000y\000\040\000L\000a\000b\000e\000l\000s}{chapter.7}% 40
\BOOKMARK [1][-]{section.7.11}{\376\377\000I\000/\000O\000\040\000S\000t\000a\000t\000u\000s}{chapter.7}% 41
\BOOKMARK [0][-]{chapter.8}{\376\377\000M\000e\000n\000u}{}% 42
\BOOKMARK [1][-]{section.8.1}{\376\377\000A\000c\000t\000i\000o\000n\000\040\000N\000a\000m\000e\000s}{chapter.8}% 43
\BOOKMARK [1][-]{section.8.2}{\376\377\000R\000e\000c\000e\000n\000t\000\040\000F\000i\000l\000e\000s}{chapter.8}% 44
\BOOKMARK [1][-]{section.8.3}{\376\377\000T\000o\000o\000l\000\040\000B\000a\000r\000s}{chapter.8}% 45
\BOOKMARK [1][-]{section.8.4}{\376\377\000S\000h\000o\000r\000t\000c\000u\000t\000\040\000K\000e\000y\000s}{chapter.8}% 46
\BOOKMARK [0][-]{chapter.9}{\376\377\000C\000o\000n\000t\000r\000o\000l\000s}{}% 47
\BOOKMARK [1][-]{section.9.1}{\376\377\000P\000u\000s\000h\000\040\000B\000u\000t\000t\000o\000n\000s}{chapter.9}% 48
\BOOKMARK [1][-]{section.9.2}{\376\377\000E\000\040\000S\000t\000o\000p\000\040\000a\000n\000d\000\040\000P\000o\000w\000e\000r}{chapter.9}% 49
\BOOKMARK [1][-]{section.9.3}{\376\377\000L\000E\000D\000\040\000B\000u\000t\000t\000o\000n\000s}{chapter.9}% 50
\BOOKMARK [1][-]{section.9.4}{\376\377\000C\000o\000o\000r\000d\000i\000n\000a\000t\000e\000\040\000S\000y\000s\000t\000e\000m\000\040\000C\000o\000n\000t\000r\000o\000l\000s}{chapter.9}% 51
\BOOKMARK [1][-]{section.9.5}{\376\377\000O\000p\000t\000i\000o\000n\000s}{chapter.9}% 52
\BOOKMARK [1][-]{section.9.6}{\376\377\000A\000x\000i\000s\000\040\000I\000n\000d\000e\000x}{chapter.9}% 53
\BOOKMARK [1][-]{section.9.7}{\376\377\000J\000o\000g\000\040\000C\000o\000n\000t\000r\000o\000l\000s}{chapter.9}% 54
\BOOKMARK [1][-]{section.9.8}{\376\377\000J\000o\000g\000\040\000S\000e\000l\000e\000c\000t\000e\000d\000\040\000A\000x\000i\000s\000\040\000C\000o\000n\000t\000r\000o\000l\000s}{chapter.9}% 55
\BOOKMARK [1][-]{section.9.9}{\376\377\000O\000v\000e\000r\000r\000i\000d\000e\000s}{chapter.9}% 56
\BOOKMARK [1][-]{section.9.10}{\376\377\000O\000v\000e\000r\000r\000i\000d\000e\000\040\000P\000r\000e\000s\000e\000t\000s}{chapter.9}% 57
\BOOKMARK [1][-]{section.9.11}{\376\377\000S\000t\000a\000c\000k\000e\000d\000\040\000W\000i\000d\000g\000e\000t}{chapter.9}% 58
\BOOKMARK [1][-]{section.9.12}{\376\377\000F\000i\000l\000e\000\040\000L\000o\000a\000d\000\040\000B\000u\000t\000t\000o\000n\000s}{chapter.9}% 59
\BOOKMARK [0][-]{chapter.10}{\376\377\000P\000l\000o\000t\000t\000e\000r}{}% 60
\BOOKMARK [1][-]{section.10.1}{\376\377\000C\000o\000n\000t\000r\000o\000l\000s}{chapter.10}% 61
\BOOKMARK [1][-]{section.10.2}{\376\377\000D\000i\000s\000p\000l\000a\000y}{chapter.10}% 62
\BOOKMARK [1][-]{section.10.3}{\376\377\000M\000e\000n\000u}{chapter.10}% 63
\BOOKMARK [1][-]{section.10.4}{\376\377\000D\000R\000O}{chapter.10}% 64
\BOOKMARK [0][-]{chapter.11}{\376\377\000M\000a\000n\000u\000a\000l\000\040\000D\000a\000t\000a\000\040\000I\000n\000p\000u\000t\000\040\000\050\000M\000D\000I\000\051}{}% 65
\BOOKMARK [1][-]{section.11.1}{\376\377\000M\000D\000I\000\040\000I\000n\000t\000e\000r\000f\000a\000c\000e}{chapter.11}% 66
\BOOKMARK [1][-]{section.11.2}{\376\377\000M\000D\000I\000\040\000H\000i\000s\000t\000o\000r\000y}{chapter.11}% 67
\BOOKMARK [1][-]{section.11.3}{\376\377\000M\000D\000I\000\040\000C\000o\000n\000t\000r\000o\000l\000s}{chapter.11}% 68
\BOOKMARK [1][-]{section.11.4}{\376\377\000M\000D\000I\000\040\000B\000u\000t\000t\000o\000n}{chapter.11}% 69
\BOOKMARK [0][-]{chapter.12}{\376\377\000S\000p\000i\000n\000d\000l\000e}{}% 70
\BOOKMARK [1][-]{section.12.1}{\376\377\000S\000p\000i\000n\000d\000l\000e\000\040\000S\000t\000a\000t\000u\000s}{chapter.12}% 71
\BOOKMARK [1][-]{section.12.2}{\376\377\000S\000p\000i\000n\000d\000l\000e\000\040\000C\000o\000n\000t\000r\000o\000l\000s}{chapter.12}% 72
\BOOKMARK [1][-]{section.12.3}{\376\377\000S\000p\000i\000n\000d\000l\000e\000\040\000O\000v\000e\000r\000r\000i\000d\000e\000s}{chapter.12}% 73
\BOOKMARK [0][-]{chapter.13}{\376\377\000P\000a\000r\000a\000m\000e\000t\000e\000r\000s}{}% 74
\BOOKMARK [1][-]{section.13.1}{\376\377\000S\000e\000t\000t\000i\000n\000g\000\040\000P\000a\000r\000a\000m\000e\000t\000e\000r\000s}{chapter.13}% 75
\BOOKMARK [1][-]{section.13.2}{\376\377\000W\000a\000t\000c\000h\000i\000n\000g\000\040\000P\000a\000r\000a\000m\000e\000t\000e\000r\000s}{chapter.13}% 76
\BOOKMARK [0][-]{chapter.14}{\376\377\000P\000y\000t\000h\000o\000n\000\040\000M\000o\000d\000u\000l\000e}{}% 77
\BOOKMARK [1][-]{section.14.1}{\376\377\000T\000i\000m\000e\000r}{chapter.14}% 78
\BOOKMARK [0][-]{chapter.15}{\376\377\000P\000r\000o\000b\000i\000n\000g}{}% 79
\BOOKMARK [1][-]{section.15.1}{\376\377\000P\000r\000o\000b\000e\000\040\000E\000n\000a\000b\000l\000e}{chapter.15}% 80
\BOOKMARK [1][-]{section.15.2}{\376\377\000F\000u\000n\000c\000t\000i\000o\000n}{chapter.15}% 81
\BOOKMARK [1][-]{section.15.3}{\376\377\000E\000x\000a\000m\000p\000l\000e}{chapter.15}% 82
\BOOKMARK [1][-]{section.15.4}{\376\377\000S\000u\000b\000r\000o\000u\000t\000i\000n\000e}{chapter.15}% 83
\BOOKMARK [0][-]{chapter.16}{\376\377\000T\000o\000o\000l\000s}{}% 84
\BOOKMARK [1][-]{section.16.1}{\376\377\000T\000o\000o\000l\000\040\000C\000h\000a\000n\000g\000e}{chapter.16}% 85
\BOOKMARK [1][-]{section.16.2}{\376\377\000M\000a\000n\000u\000a\000l\000\040\000T\000o\000o\000l\000\040\000C\000h\000a\000n\000g\000e}{chapter.16}% 86
\BOOKMARK [1][-]{section.16.3}{\376\377\000M\000a\000n\000u\000a\000l\000\040\000T\000o\000o\000l\000\040\000C\000h\000a\000n\000g\000e\000\040\000E\000r\000r\000o\000r}{chapter.16}% 87
\BOOKMARK [1][-]{section.16.4}{\376\377\000M\000a\000n\000u\000a\000l\000\040\000T\000o\000o\000l\000\040\000C\000h\000a\000n\000g\000e\000\040\000O\000p\000t\000i\000o\000n}{chapter.16}% 88
\BOOKMARK [1][-]{section.16.5}{\376\377\000T\000o\000o\000l\000\040\000C\000h\000a\000n\000g\000e\000\040\000B\000u\000t\000t\000o\000n}{chapter.16}% 89
\BOOKMARK [1][-]{section.16.6}{\376\377\000T\000o\000o\000l\000\040\000T\000o\000u\000c\000h\000o\000f\000f}{chapter.16}% 90
\BOOKMARK [1][-]{section.16.7}{\376\377\000T\000o\000o\000l\000\040\000T\000o\000u\000c\000h\000o\000f\000f\000\040\000S\000e\000l\000e\000c\000t\000e\000d\000\040\000A\000x\000i\000s}{chapter.16}% 91
\BOOKMARK [1][-]{section.16.8}{\376\377\000C\000u\000r\000r\000e\000n\000t\000\040\000T\000o\000o\000l\000\040\000S\000t\000a\000t\000u\000s}{chapter.16}% 92
\BOOKMARK [0][-]{chapter.17}{\376\377\000C\000o\000o\000r\000d\000i\000n\000a\000t\000e\000\040\000S\000y\000s\000t\000e\000m\000s}{}% 93
\BOOKMARK [1][-]{section.17.1}{\376\377\000C\000o\000o\000r\000d\000i\000n\000a\000t\000e\000\040\000S\000y\000s\000t\000e\000m\000\040\000T\000o\000u\000c\000h\000o\000f\000f}{chapter.17}% 94
\BOOKMARK [1][-]{section.17.2}{\376\377\000C\000h\000a\000n\000g\000e\000\040\000C\000o\000o\000r\000d\000i\000n\000a\000t\000e\000\040\000S\000y\000s\000t\000e\000m}{chapter.17}% 95
\BOOKMARK [0][-]{chapter.18}{\376\377\000M\000i\000s\000c\000e\000l\000l\000a\000n\000e\000o\000u\000s\000\040\000I\000t\000e\000m\000s}{}% 96
\BOOKMARK [1][-]{section.18.1}{\376\377\000F\000i\000l\000e\000\040\000S\000e\000l\000e\000c\000t\000o\000r}{chapter.18}% 97
\BOOKMARK [1][-]{section.18.2}{\376\377\000C\000o\000d\000e\000\040\000V\000i\000e\000w\000e\000r}{chapter.18}% 98
\BOOKMARK [1][-]{section.18.3}{\376\377\000C\000o\000d\000e\000\040\000V\000i\000e\000w\000e\000r\000\040\000C\000o\000n\000t\000r\000o\000l\000s}{chapter.18}% 99
\BOOKMARK [1][-]{section.18.4}{\376\377\000M\000D\000I\000\040\000V\000i\000e\000w\000e\000r}{chapter.18}% 100
\BOOKMARK [1][-]{section.18.5}{\376\377\000E\000r\000r\000o\000r\000\040\000V\000i\000e\000w\000e\000r}{chapter.18}% 101
\BOOKMARK [1][-]{section.18.6}{\376\377\000I\000n\000f\000o\000r\000m\000a\000t\000i\000o\000n\000\040\000V\000i\000e\000w\000e\000r}{chapter.18}% 102
\BOOKMARK [1][-]{section.18.7}{\376\377\000S\000p\000e\000e\000d\000\040\000\046\000\040\000F\000e\000e\000d\000\040\000C\000a\000l\000c\000u\000l\000a\000t\000o\000r\000s}{chapter.18}% 103
\BOOKMARK [1][-]{section.18.8}{\376\377\000H\000e\000l\000p\000\040\000S\000y\000s\000t\000e\000m}{chapter.18}% 104
\BOOKMARK [0][-]{chapter.19}{\376\377\000H\000A\000L\000\040\000P\000i\000n\000s}{}% 105
\BOOKMARK [1][-]{section.19.1}{\376\377\000B\000u\000t\000t\000o\000n}{chapter.19}% 106
\BOOKMARK [1][-]{section.19.2}{\376\377\000S\000p\000i\000n\000b\000o\000x}{chapter.19}% 107
\BOOKMARK [1][-]{section.19.3}{\376\377\000S\000l\000i\000d\000e\000r}{chapter.19}% 108
\BOOKMARK [1][-]{section.19.4}{\376\377\000H\000A\000L\000\040\000I\000/\000O}{chapter.19}% 109
\BOOKMARK [1][-]{section.19.5}{\376\377\000L\000a\000b\000e\000l}{chapter.19}% 110
\BOOKMARK [1][-]{section.19.6}{\376\377\000B\000o\000o\000l\000\040\000L\000a\000b\000e\000l}{chapter.19}% 111
\BOOKMARK [1][-]{section.19.7}{\376\377\000M\000u\000l\000t\000i\000-\000S\000t\000a\000t\000e\000\040\000L\000a\000b\000e\000l}{chapter.19}% 112
\BOOKMARK [1][-]{section.19.8}{\376\377\000L\000C\000D}{chapter.19}% 113
\BOOKMARK [1][-]{section.19.9}{\376\377\000P\000r\000o\000g\000r\000e\000s\000s\000\040\000B\000a\000r}{chapter.19}% 114
\BOOKMARK [1][-]{section.19.10}{\376\377\000S\000t\000e\000p\000\040\000b\000y\000\040\000S\000t\000e\000p}{chapter.19}% 115
\BOOKMARK [1][-]{section.19.11}{\376\377\000H\000o\000m\000e\000d\000\040\000R\000e\000q\000u\000i\000r\000e\000d}{chapter.19}% 116
\BOOKMARK [0][-]{chapter.20}{\376\377\000T\000o\000u\000c\000h\000\040\000S\000c\000r\000e\000e\000n\000s}{}% 117
\BOOKMARK [1][-]{section.20.1}{\376\377\000T\000o\000o\000l\000\040\000B\000a\000r}{chapter.20}% 118
\BOOKMARK [1][-]{section.20.2}{\376\377\000M\000D\000I}{chapter.20}% 119
\BOOKMARK [1][-]{section.20.3}{\376\377\000T\000o\000u\000c\000h\000\040\000O\000f\000f}{chapter.20}% 120
\BOOKMARK [1][-]{section.20.4}{\376\377\000T\000o\000o\000l\000\040\000T\000o\000u\000c\000h\000-\000O\000f\000f}{chapter.20}% 121
\BOOKMARK [1][-]{section.20.5}{\376\377\000S\000p\000i\000n\000\040\000B\000o\000x\000e\000s}{chapter.20}% 122
\BOOKMARK [1][-]{section.20.6}{\376\377\000L\000i\000n\000e\000\040\000E\000d\000i\000t\000s}{chapter.20}% 123
\BOOKMARK [1][-]{section.20.7}{\376\377\000F\000i\000l\000e\000\040\000N\000a\000v\000i\000g\000a\000t\000o\000r}{chapter.20}% 124
\BOOKMARK [0][-]{chapter.21}{\376\377\000M\000a\000s\000t\000e\000r\000\040\000L\000a\000y\000o\000u\000t}{}% 125
\BOOKMARK [0][-]{chapter.22}{\376\377\000G\000U\000I\000\040\000T\000i\000p\000s}{}% 126
\BOOKMARK [0][-]{chapter.23}{\376\377\000S\000t\000y\000l\000e\000S\000h\000e\000e\000t}{}% 127
\BOOKMARK [1][-]{section.23.1}{\376\377\000C\000o\000l\000o\000r\000s}{chapter.23}% 128
\BOOKMARK [1][-]{section.23.2}{\376\377\000E\000x\000a\000m\000p\000l\000e\000s}{chapter.23}% 129
\BOOKMARK [1][-]{section.23.3}{\376\377\000T\000o\000o\000l\000\040\000B\000a\000r\000\040\000B\000u\000t\000t\000o\000n\000s}{chapter.23}% 130
\BOOKMARK [0][-]{chapter.24}{\376\377\000R\000e\000s\000o\000u\000r\000c\000e\000s}{}% 131
